[2019-03-06 10:57:08:734] [ERROR] - org.apache.juli.logging.DirectJDKLog.log(DirectJDKLog.java:175) - Servlet.service() for servlet [dispatcherServlet] in context with path [] threw exception [Request processing failed; nested exception is com.netflix.hystrix.exception.HystrixRuntimeException: MaterialService#viewMaterialDetails(Long) failed and no fallback available.] with root cause
feign.FeignException: status 400 reading MaterialService#viewMaterialDetails(Long)
	at feign.FeignException.errorStatus(FeignException.java:78) ~[feign-core-10.1.0.jar:?]
	at feign.codec.ErrorDecoder$Default.decode(ErrorDecoder.java:93) ~[feign-core-10.1.0.jar:?]
	at feign.SynchronousMethodHandler.executeAndDecode(SynchronousMethodHandler.java:149) ~[feign-core-10.1.0.jar:?]
	at feign.SynchronousMethodHandler.invoke(SynchronousMethodHandler.java:78) ~[feign-core-10.1.0.jar:?]
	at feign.hystrix.HystrixInvocationHandler$1.run(HystrixInvocationHandler.java:106) ~[feign-hystrix-10.1.0.jar:?]
	at com.netflix.hystrix.HystrixCommand$2.call(HystrixCommand.java:302) ~[hystrix-core-1.5.18.jar:1.5.18]
	at com.netflix.hystrix.HystrixCommand$2.call(HystrixCommand.java:298) ~[hystrix-core-1.5.18.jar:1.5.18]
	at rx.internal.operators.OnSubscribeDefer.call(OnSubscribeDefer.java:46) ~[rxjava-1.3.8.jar:1.3.8]
	at rx.internal.operators.OnSubscribeDefer.call(OnSubscribeDefer.java:35) ~[rxjava-1.3.8.jar:1.3.8]
	at rx.internal.operators.OnSubscribeLift.call(OnSubscribeLift.java:48) ~[rxjava-1.3.8.jar:1.3.8]
	at rx.internal.operators.OnSubscribeLift.call(OnSubscribeLift.java:30) ~[rxjava-1.3.8.jar:1.3.8]
	at rx.internal.operators.OnSubscribeLift.call(OnSubscribeLift.java:48) ~[rxjava-1.3.8.jar:1.3.8]
	at rx.internal.operators.OnSubscribeLift.call(OnSubscribeLift.java:30) ~[rxjava-1.3.8.jar:1.3.8]
	at rx.internal.operators.OnSubscribeLift.call(OnSubscribeLift.java:48) ~[rxjava-1.3.8.jar:1.3.8]
	at rx.internal.operators.OnSubscribeLift.call(OnSubscribeLift.java:30) ~[rxjava-1.3.8.jar:1.3.8]
	at rx.Observable.unsafeSubscribe(Observable.java:10327) ~[rxjava-1.3.8.jar:1.3.8]
	at rx.internal.operators.OnSubscribeDefer.call(OnSubscribeDefer.java:51) ~[rxjava-1.3.8.jar:1.3.8]
	at rx.internal.operators.OnSubscribeDefer.call(OnSubscribeDefer.java:35) ~[rxjava-1.3.8.jar:1.3.8]
	at rx.Observable.unsafeSubscribe(Observable.java:10327) ~[rxjava-1.3.8.jar:1.3.8]
	at rx.internal.operators.OnSubscribeDoOnEach.call(OnSubscribeDoOnEach.java:41) ~[rxjava-1.3.8.jar:1.3.8]
	at rx.internal.operators.OnSubscribeDoOnEach.call(OnSubscribeDoOnEach.java:30) ~[rxjava-1.3.8.jar:1.3.8]
	at rx.internal.operators.OnSubscribeLift.call(OnSubscribeLift.java:48) ~[rxjava-1.3.8.jar:1.3.8]
	at rx.internal.operators.OnSubscribeLift.call(OnSubscribeLift.java:30) ~[rxjava-1.3.8.jar:1.3.8]
	at rx.Observable.unsafeSubscribe(Observable.java:10327) ~[rxjava-1.3.8.jar:1.3.8]
	at rx.internal.operators.OperatorSubscribeOn$SubscribeOnSubscriber.call(OperatorSubscribeOn.java:100) ~[rxjava-1.3.8.jar:1.3.8]
	at com.netflix.hystrix.strategy.concurrency.HystrixContexSchedulerAction$1.call(HystrixContexSchedulerAction.java:56) ~[hystrix-core-1.5.18.jar:1.5.18]
	at com.netflix.hystrix.strategy.concurrency.HystrixContexSchedulerAction$1.call(HystrixContexSchedulerAction.java:47) ~[hystrix-core-1.5.18.jar:1.5.18]
	at com.netflix.hystrix.strategy.concurrency.HystrixContexSchedulerAction.call(HystrixContexSchedulerAction.java:69) ~[hystrix-core-1.5.18.jar:1.5.18]
	at rx.internal.schedulers.ScheduledAction.run(ScheduledAction.java:55) ~[rxjava-1.3.8.jar:1.3.8]
	at java.util.concurrent.Executors$RunnableAdapter.call(Executors.java:511) ~[?:1.8.0_181]
	at java.util.concurrent.FutureTask.run(FutureTask.java:266) ~[?:1.8.0_181]
	at java.util.concurrent.ThreadPoolExecutor.runWorker(ThreadPoolExecutor.java:1149) ~[?:1.8.0_181]
	at java.util.concurrent.ThreadPoolExecutor$Worker.run(ThreadPoolExecutor.java:624) ~[?:1.8.0_181]
	at java.lang.Thread.run(Thread.java:748) [?:1.8.0_181]
[2019-03-06 10:57:21:549] [ERROR] - org.apache.juli.logging.DirectJDKLog.log(DirectJDKLog.java:175) - Servlet.service() for servlet [dispatcherServlet] in context with path [] threw exception [Request processing failed; nested exception is com.netflix.hystrix.exception.HystrixRuntimeException: ProductService#viewProduct(Pager) timed-out and no fallback available.] with root cause
java.util.concurrent.TimeoutException: null
	at com.netflix.hystrix.AbstractCommand.handleTimeoutViaFallback(AbstractCommand.java:997) ~[hystrix-core-1.5.18.jar:1.5.18]
	at com.netflix.hystrix.AbstractCommand.access$500(AbstractCommand.java:60) ~[hystrix-core-1.5.18.jar:1.5.18]
	at com.netflix.hystrix.AbstractCommand$12.call(AbstractCommand.java:609) ~[hystrix-core-1.5.18.jar:1.5.18]
	at com.netflix.hystrix.AbstractCommand$12.call(AbstractCommand.java:601) ~[hystrix-core-1.5.18.jar:1.5.18]
	at rx.internal.operators.OperatorOnErrorResumeNextViaFunction$4.onError(OperatorOnErrorResumeNextViaFunction.java:140) ~[rxjava-1.3.8.jar:1.3.8]
	at rx.internal.operators.OnSubscribeDoOnEach$DoOnEachSubscriber.onError(OnSubscribeDoOnEach.java:87) ~[rxjava-1.3.8.jar:1.3.8]
	at rx.internal.operators.OnSubscribeDoOnEach$DoOnEachSubscriber.onError(OnSubscribeDoOnEach.java:87) ~[rxjava-1.3.8.jar:1.3.8]
	at com.netflix.hystrix.AbstractCommand$HystrixObservableTimeoutOperator$1.run(AbstractCommand.java:1142) ~[hystrix-core-1.5.18.jar:1.5.18]
	at com.netflix.hystrix.strategy.concurrency.HystrixContextRunnable$1.call(HystrixContextRunnable.java:41) ~[hystrix-core-1.5.18.jar:1.5.18]
	at com.netflix.hystrix.strategy.concurrency.HystrixContextRunnable$1.call(HystrixContextRunnable.java:37) ~[hystrix-core-1.5.18.jar:1.5.18]
	at com.netflix.hystrix.strategy.concurrency.HystrixContextRunnable.run(HystrixContextRunnable.java:57) ~[hystrix-core-1.5.18.jar:1.5.18]
	at com.netflix.hystrix.AbstractCommand$HystrixObservableTimeoutOperator$2.tick(AbstractCommand.java:1159) ~[hystrix-core-1.5.18.jar:1.5.18]
	at com.netflix.hystrix.util.HystrixTimer$1.run(HystrixTimer.java:99) ~[hystrix-core-1.5.18.jar:1.5.18]
	at java.util.concurrent.Executors$RunnableAdapter.call(Executors.java:511) ~[?:1.8.0_181]
	at java.util.concurrent.FutureTask.runAndReset(FutureTask.java:308) ~[?:1.8.0_181]
	at java.util.concurrent.ScheduledThreadPoolExecutor$ScheduledFutureTask.access$301(ScheduledThreadPoolExecutor.java:180) ~[?:1.8.0_181]
	at java.util.concurrent.ScheduledThreadPoolExecutor$ScheduledFutureTask.run(ScheduledThreadPoolExecutor.java:294) ~[?:1.8.0_181]
	at java.util.concurrent.ThreadPoolExecutor.runWorker(ThreadPoolExecutor.java:1149) ~[?:1.8.0_181]
	at java.util.concurrent.ThreadPoolExecutor$Worker.run(ThreadPoolExecutor.java:624) ~[?:1.8.0_181]
	at java.lang.Thread.run(Thread.java:748) [?:1.8.0_181]
[2019-03-06 10:57:59:224] [ERROR] - org.apache.juli.logging.DirectJDKLog.log(DirectJDKLog.java:175) - Servlet.service() for servlet [dispatcherServlet] in context with path [] threw exception [Request processing failed; nested exception is com.netflix.hystrix.exception.HystrixRuntimeException: MaterialService#viewMaterialDetails(Long) failed and no fallback available.] with root cause
feign.FeignException: status 400 reading MaterialService#viewMaterialDetails(Long)
	at feign.FeignException.errorStatus(FeignException.java:78) ~[feign-core-10.1.0.jar:?]
	at feign.codec.ErrorDecoder$Default.decode(ErrorDecoder.java:93) ~[feign-core-10.1.0.jar:?]
	at feign.SynchronousMethodHandler.executeAndDecode(SynchronousMethodHandler.java:149) ~[feign-core-10.1.0.jar:?]
	at feign.SynchronousMethodHandler.invoke(SynchronousMethodHandler.java:78) ~[feign-core-10.1.0.jar:?]
	at feign.hystrix.HystrixInvocationHandler$1.run(HystrixInvocationHandler.java:106) ~[feign-hystrix-10.1.0.jar:?]
	at com.netflix.hystrix.HystrixCommand$2.call(HystrixCommand.java:302) ~[hystrix-core-1.5.18.jar:1.5.18]
	at com.netflix.hystrix.HystrixCommand$2.call(HystrixCommand.java:298) ~[hystrix-core-1.5.18.jar:1.5.18]
	at rx.internal.operators.OnSubscribeDefer.call(OnSubscribeDefer.java:46) ~[rxjava-1.3.8.jar:1.3.8]
	at rx.internal.operators.OnSubscribeDefer.call(OnSubscribeDefer.java:35) ~[rxjava-1.3.8.jar:1.3.8]
	at rx.internal.operators.OnSubscribeLift.call(OnSubscribeLift.java:48) ~[rxjava-1.3.8.jar:1.3.8]
	at rx.internal.operators.OnSubscribeLift.call(OnSubscribeLift.java:30) ~[rxjava-1.3.8.jar:1.3.8]
	at rx.internal.operators.OnSubscribeLift.call(OnSubscribeLift.java:48) ~[rxjava-1.3.8.jar:1.3.8]
	at rx.internal.operators.OnSubscribeLift.call(OnSubscribeLift.java:30) ~[rxjava-1.3.8.jar:1.3.8]
	at rx.internal.operators.OnSubscribeLift.call(OnSubscribeLift.java:48) ~[rxjava-1.3.8.jar:1.3.8]
	at rx.internal.operators.OnSubscribeLift.call(OnSubscribeLift.java:30) ~[rxjava-1.3.8.jar:1.3.8]
	at rx.Observable.unsafeSubscribe(Observable.java:10327) ~[rxjava-1.3.8.jar:1.3.8]
	at rx.internal.operators.OnSubscribeDefer.call(OnSubscribeDefer.java:51) ~[rxjava-1.3.8.jar:1.3.8]
	at rx.internal.operators.OnSubscribeDefer.call(OnSubscribeDefer.java:35) ~[rxjava-1.3.8.jar:1.3.8]
	at rx.Observable.unsafeSubscribe(Observable.java:10327) ~[rxjava-1.3.8.jar:1.3.8]
	at rx.internal.operators.OnSubscribeDoOnEach.call(OnSubscribeDoOnEach.java:41) ~[rxjava-1.3.8.jar:1.3.8]
	at rx.internal.operators.OnSubscribeDoOnEach.call(OnSubscribeDoOnEach.java:30) ~[rxjava-1.3.8.jar:1.3.8]
	at rx.internal.operators.OnSubscribeLift.call(OnSubscribeLift.java:48) ~[rxjava-1.3.8.jar:1.3.8]
	at rx.internal.operators.OnSubscribeLift.call(OnSubscribeLift.java:30) ~[rxjava-1.3.8.jar:1.3.8]
	at rx.Observable.unsafeSubscribe(Observable.java:10327) ~[rxjava-1.3.8.jar:1.3.8]
	at rx.internal.operators.OperatorSubscribeOn$SubscribeOnSubscriber.call(OperatorSubscribeOn.java:100) ~[rxjava-1.3.8.jar:1.3.8]
	at com.netflix.hystrix.strategy.concurrency.HystrixContexSchedulerAction$1.call(HystrixContexSchedulerAction.java:56) ~[hystrix-core-1.5.18.jar:1.5.18]
	at com.netflix.hystrix.strategy.concurrency.HystrixContexSchedulerAction$1.call(HystrixContexSchedulerAction.java:47) ~[hystrix-core-1.5.18.jar:1.5.18]
	at com.netflix.hystrix.strategy.concurrency.HystrixContexSchedulerAction.call(HystrixContexSchedulerAction.java:69) ~[hystrix-core-1.5.18.jar:1.5.18]
	at rx.internal.schedulers.ScheduledAction.run(ScheduledAction.java:55) ~[rxjava-1.3.8.jar:1.3.8]
	at java.util.concurrent.Executors$RunnableAdapter.call(Executors.java:511) ~[?:1.8.0_181]
	at java.util.concurrent.FutureTask.run(FutureTask.java:266) ~[?:1.8.0_181]
	at java.util.concurrent.ThreadPoolExecutor.runWorker(ThreadPoolExecutor.java:1149) ~[?:1.8.0_181]
	at java.util.concurrent.ThreadPoolExecutor$Worker.run(ThreadPoolExecutor.java:624) ~[?:1.8.0_181]
	at java.lang.Thread.run(Thread.java:748) [?:1.8.0_181]
