[2019-03-06 20:20:26:764] [INFO] - org.springframework.cloud.config.client.ConfigServicePropertySourceLocator.getRemoteEnvironment(ConfigServicePropertySourceLocator.java:205) - Fetching config from server at : http://localhost:8888
[2019-03-06 20:20:27:921] [INFO] - org.springframework.cloud.config.client.ConfigServicePropertySourceLocator.getRemoteEnvironment(ConfigServicePropertySourceLocator.java:227) - Connect Timeout Exception on Url - http://localhost:8888. Will be trying the next url if available
[2019-03-06 20:20:27:921] [WARN] - org.springframework.cloud.config.client.ConfigServicePropertySourceLocator.locate(ConfigServicePropertySourceLocator.java:140) - Could not locate PropertySource: I/O error on GET request for "http://localhost:8888/feign-user/default": Connection refused: connect; nested exception is java.net.ConnectException: Connection refused: connect
[2019-03-06 20:20:27:927] [INFO] - org.springframework.boot.SpringApplication.logStartupProfileInfo(SpringApplication.java:675) - No active profile set, falling back to default profiles: default
[2019-03-06 20:20:29:137] [WARN] - org.springframework.boot.actuate.endpoint.EndpointId.logWarning(EndpointId.java:135) - Endpoint ID 'service-registry' contains invalid characters, please migrate to a valid format.
[2019-03-06 20:20:29:150] [WARN] - org.springframework.boot.actuate.endpoint.EndpointId.logWarning(EndpointId.java:135) - Endpoint ID 'hystrix.stream' contains invalid characters, please migrate to a valid format.
[2019-03-06 20:20:29:365] [INFO] - org.springframework.cloud.context.scope.GenericScope.setSerializationId(GenericScope.java:294) - BeanFactory id=61c61fda-7d29-3c61-b7c2-c08c457dea4d
[2019-03-06 20:20:29:396] [INFO] - org.springframework.context.support.PostProcessorRegistrationDelegate$BeanPostProcessorChecker.postProcessAfterInitialization(PostProcessorRegistrationDelegate.java:330) - Bean 'com.kone.feignuser.service.EurekaClientFeign' of type [org.springframework.cloud.openfeign.FeignClientFactoryBean] is not eligible for getting processed by all BeanPostProcessors (for example: not eligible for auto-proxying)
[2019-03-06 20:20:29:400] [INFO] - org.springframework.context.support.PostProcessorRegistrationDelegate$BeanPostProcessorChecker.postProcessAfterInitialization(PostProcessorRegistrationDelegate.java:330) - Bean 'com.kone.feignuser.service.MaterialService' of type [org.springframework.cloud.openfeign.FeignClientFactoryBean] is not eligible for getting processed by all BeanPostProcessors (for example: not eligible for auto-proxying)
[2019-03-06 20:20:29:404] [INFO] - org.springframework.context.support.PostProcessorRegistrationDelegate$BeanPostProcessorChecker.postProcessAfterInitialization(PostProcessorRegistrationDelegate.java:330) - Bean 'com.kone.feignuser.service.ProductService' of type [org.springframework.cloud.openfeign.FeignClientFactoryBean] is not eligible for getting processed by all BeanPostProcessors (for example: not eligible for auto-proxying)
[2019-03-06 20:20:29:709] [INFO] - org.springframework.context.support.PostProcessorRegistrationDelegate$BeanPostProcessorChecker.postProcessAfterInitialization(PostProcessorRegistrationDelegate.java:330) - Bean 'org.springframework.cloud.autoconfigure.ConfigurationPropertiesRebinderAutoConfiguration' of type [org.springframework.cloud.autoconfigure.ConfigurationPropertiesRebinderAutoConfiguration$$EnhancerBySpringCGLIB$$e89cf4ca] is not eligible for getting processed by all BeanPostProcessors (for example: not eligible for auto-proxying)
[2019-03-06 20:20:30:011] [INFO] - org.springframework.boot.web.embedded.tomcat.TomcatWebServer.initialize(TomcatWebServer.java:90) - Tomcat initialized with port(s): 8765 (http)
[2019-03-06 20:20:30:037] [INFO] - org.apache.juli.logging.DirectJDKLog.log(DirectJDKLog.java:173) - Initializing ProtocolHandler ["http-nio-8765"]
[2019-03-06 20:20:30:044] [INFO] - org.apache.juli.logging.DirectJDKLog.log(DirectJDKLog.java:173) - Starting service [Tomcat]
[2019-03-06 20:20:30:045] [INFO] - org.apache.juli.logging.DirectJDKLog.log(DirectJDKLog.java:173) - Starting Servlet engine: [Apache Tomcat/9.0.16]
[2019-03-06 20:20:30:053] [INFO] - org.apache.juli.logging.DirectJDKLog.log(DirectJDKLog.java:173) - The APR based Apache Tomcat Native library which allows optimal performance in production environments was not found on the java.library.path: [C:\Program Files\Java\jdk1.8.0_181\bin;C:\WINDOWS\Sun\Java\bin;C:\WINDOWS\system32;C:\WINDOWS;C:\Program Files (x86)\MKS Toolkit\mksnt;C:\PROGRA~2\MKSTOO~1\bin64;C:\PROGRA~2\MKSTOO~1\bin;C:\PROGRA~2\MKSTOO~1\bin\X11;C:\Program Files\Java\jdk1.8.0_181\bin;C:\Program Files\Java\jdk1.8.0_181\jre\bin;C:\PROGRA~2\MKSTOO~1\mksnt;C:\softwareInstalled\InformationServer\ASBNode\lib\cpp;C:\softwareInstalled\InformationServer\ASBNode\apps\proxy\cpp\vc60\MT_dll\bin;C:\Program Files (x86)\Intel\iCLS Client\;C:\Program Files\Intel\iCLS Client\;C:\WINDOWS\system32;C:\WINDOWS;C:\WINDOWS\System32\Wbem;C:\WINDOWS\System32\WindowsPowerShell\v1.0\;C:\Program Files (x86)\Intel\Intel(R) Management Engine Components\DAL;C:\Program Files\Intel\Intel(R) Management Engine Components\DAL;C:\Program Files (x86)\Intel\Intel(R) Management Engine Components\IPT;C:\Program Files\Intel\Intel(R) Management Engine Components\IPT;C:\WINDOWS\System32\OpenSSH\;C:\Program Files (x86)\Common Files\Oracle\Java\javapath;C:\Kone\server\apache-maven-3.5.4\bin;C:\Users\CongWu\AppData\Local\Programs\Python\Python36\;C:\Users\CongWu\AppData\Local\Programs\Python\Python36\Scripts\;C:\Program Files\Git\cmd;C:\Program Files\nodejs\;C:\Program Files\Cloud Foundry;C:\Program Files\kubectl;C:\Program Files\helm\windows-amd64;C:\Program Files\IBM\Cloud\bin;C:\Program Files\TortoiseSVN\bin;C:\Kone\server\mysql-5.5.61-winx64\bin;C:\Kone\server\scala\bin;C:\Kone\server\scala\jre\bin;C:\Kone\server\sbt\bin;C:\softwareInstalled\putty\;%HADOOP%\bin;%HADOOP%\sbin;C:\Kone\server\spark-2.3.2-bin-hadoop2.7\bin;C:\Program Files\Intel\WiFi\bin\;C:\Program Files\Common Files\Intel\WirelessCommon\;C:\WINDOWS\system32;C:\WINDOWS;C:\WINDOWS\System32\Wbem;C:\WINDOWS\System32\WindowsPowerShell\v1.0\;C:\WINDOWS\System32\OpenSSH\;c:\jruby-9.1.17.0\bin;C:\Users\CongWu\AppData\Local\Programs\Python\Python36\Scripts\;C:\Users\CongWu\AppData\Local\Programs\Python\Python36\;C:\Users\CongWu\AppData\Local\Microsoft\WindowsApps;C:\Users\CongWu\AppData\Local\atom\bin;C:\Users\CongWu\AppData\Local\Programs\Microsoft VS Code\bin;C:\ProgramData\CongWu\atom\bin;C:\Users\CongWu\AppData\Roaming\npm;C:\Users\CongWu\AppData\Local\Microsoft\WindowsApps;C:\Users\CongWu\AppData\Local\Box\Box Edit\;.]
[2019-03-06 20:20:30:190] [INFO] - org.apache.juli.logging.DirectJDKLog.log(DirectJDKLog.java:173) - Initializing Spring embedded WebApplicationContext
[2019-03-06 20:20:30:191] [INFO] - org.springframework.boot.web.servlet.context.ServletWebServerApplicationContext.prepareWebApplicationContext(ServletWebServerApplicationContext.java:296) - Root WebApplicationContext: initialization completed in 2243 ms
[2019-03-06 20:20:30:320] [WARN] - com.netflix.config.sources.URLConfigurationSource.<init>(URLConfigurationSource.java:121) - No URLs will be polled as dynamic configuration sources.
[2019-03-06 20:20:30:321] [INFO] - com.netflix.config.sources.URLConfigurationSource.<init>(URLConfigurationSource.java:122) - To enable URLs as dynamic configuration sources, define System property archaius.configurationSource.additionalUrls or make config.properties available on classpath.
[2019-03-06 20:20:30:334] [INFO] - com.netflix.config.DynamicPropertyFactory.getInstance(DynamicPropertyFactory.java:281) - DynamicPropertyFactory is initialized with configuration sources: com.netflix.config.ConcurrentCompositeConfiguration@b5b9333
[2019-03-06 20:20:31:789] [INFO] - org.springframework.boot.actuate.endpoint.web.EndpointLinksResolver.<init>(EndpointLinksResolver.java:59) - Exposing 2 endpoint(s) beneath base path '/actuator'
[2019-03-06 20:20:31:923] [WARN] - com.netflix.config.sources.URLConfigurationSource.<init>(URLConfigurationSource.java:121) - No URLs will be polled as dynamic configuration sources.
[2019-03-06 20:20:31:924] [INFO] - com.netflix.config.sources.URLConfigurationSource.<init>(URLConfigurationSource.java:122) - To enable URLs as dynamic configuration sources, define System property archaius.configurationSource.additionalUrls or make config.properties available on classpath.
[2019-03-06 20:20:32:094] [INFO] - org.springframework.scheduling.concurrent.ExecutorConfigurationSupport.initialize(ExecutorConfigurationSupport.java:171) - Initializing ExecutorService 'applicationTaskExecutor'
[2019-03-06 20:20:32:263] [INFO] - org.springframework.boot.autoconfigure.web.servlet.WelcomePageHandlerMapping.<init>(WelcomePageHandlerMapping.java:61) - Adding welcome page template: index
[2019-03-06 20:20:33:014] [INFO] - org.springframework.cloud.netflix.eureka.InstanceInfoFactory.create(InstanceInfoFactory.java:71) - Setting initial instance status as: STARTING
[2019-03-06 20:20:33:052] [INFO] - com.netflix.discovery.DiscoveryClient.<init>(DiscoveryClient.java:349) - Initializing Eureka in region us-east-1
[2019-03-06 20:20:33:507] [INFO] - com.netflix.discovery.provider.DiscoveryJerseyProvider.<init>(DiscoveryJerseyProvider.java:70) - Using JSON encoding codec LegacyJacksonJson
[2019-03-06 20:20:33:507] [INFO] - com.netflix.discovery.provider.DiscoveryJerseyProvider.<init>(DiscoveryJerseyProvider.java:71) - Using JSON decoding codec LegacyJacksonJson
[2019-03-06 20:20:33:608] [INFO] - com.netflix.discovery.provider.DiscoveryJerseyProvider.<init>(DiscoveryJerseyProvider.java:80) - Using XML encoding codec XStreamXml
[2019-03-06 20:20:33:609] [INFO] - com.netflix.discovery.provider.DiscoveryJerseyProvider.<init>(DiscoveryJerseyProvider.java:81) - Using XML decoding codec XStreamXml
[2019-03-06 20:20:33:792] [INFO] - com.netflix.discovery.shared.resolver.aws.ConfigClusterResolver.getClusterEndpoints(ConfigClusterResolver.java:43) - Resolving eureka endpoints via configuration
[2019-03-06 20:20:34:044] [INFO] - com.netflix.discovery.DiscoveryClient.fetchRegistry(DiscoveryClient.java:958) - Disable delta property : false
[2019-03-06 20:20:34:045] [INFO] - com.netflix.discovery.DiscoveryClient.fetchRegistry(DiscoveryClient.java:959) - Single vip registry refresh property : null
[2019-03-06 20:20:34:045] [INFO] - com.netflix.discovery.DiscoveryClient.fetchRegistry(DiscoveryClient.java:960) - Force full registry fetch : false
[2019-03-06 20:20:34:045] [INFO] - com.netflix.discovery.DiscoveryClient.fetchRegistry(DiscoveryClient.java:961) - Application is null : false
[2019-03-06 20:20:34:045] [INFO] - com.netflix.discovery.DiscoveryClient.fetchRegistry(DiscoveryClient.java:962) - Registered Applications size is zero : true
[2019-03-06 20:20:34:046] [INFO] - com.netflix.discovery.DiscoveryClient.fetchRegistry(DiscoveryClient.java:964) - Application version is -1: true
[2019-03-06 20:20:34:046] [INFO] - com.netflix.discovery.DiscoveryClient.getAndStoreFullRegistry(DiscoveryClient.java:1047) - Getting all instance registry info from the eureka server
[2019-03-06 20:20:34:173] [INFO] - com.netflix.discovery.DiscoveryClient.getAndStoreFullRegistry(DiscoveryClient.java:1056) - The response status is 200
[2019-03-06 20:20:34:177] [INFO] - com.netflix.discovery.DiscoveryClient.initScheduledTasks(DiscoveryClient.java:1270) - Starting heartbeat executor: renew interval is: 30
[2019-03-06 20:20:34:182] [INFO] - com.netflix.discovery.InstanceInfoReplicator.<init>(InstanceInfoReplicator.java:60) - InstanceInfoReplicator onDemand update allowed rate per min is 4
[2019-03-06 20:20:34:187] [INFO] - com.netflix.discovery.DiscoveryClient.<init>(DiscoveryClient.java:449) - Discovery Client initialized at timestamp 1551874834186 with initial instances count: 11
[2019-03-06 20:20:34:189] [INFO] - org.springframework.cloud.netflix.eureka.serviceregistry.EurekaServiceRegistry.register(EurekaServiceRegistry.java:42) - Registering application FEIGN-USER with eureka with status UP
[2019-03-06 20:20:34:189] [INFO] - com.netflix.discovery.DiscoveryClient$3.notify(DiscoveryClient.java:1305) - Saw local status change event StatusChangeEvent [timestamp=1551874834189, current=UP, previous=STARTING]
[2019-03-06 20:20:34:191] [INFO] - springfox.documentation.spring.web.plugins.DocumentationPluginsBootstrapper.start(DocumentationPluginsBootstrapper.java:120) - Context refreshed
[2019-03-06 20:20:34:192] [INFO] - com.netflix.discovery.DiscoveryClient.register(DiscoveryClient.java:826) - DiscoveryClient_FEIGN-USER/LAPTOP-VSBV5SCV:feign-user:8765: registering service...
[2019-03-06 20:20:34:212] [INFO] - springfox.documentation.spring.web.plugins.DocumentationPluginsBootstrapper.start(DocumentationPluginsBootstrapper.java:123) - Found 1 custom documentation plugin(s)
[2019-03-06 20:20:34:230] [INFO] - com.netflix.discovery.DiscoveryClient.register(DiscoveryClient.java:835) - DiscoveryClient_FEIGN-USER/LAPTOP-VSBV5SCV:feign-user:8765 - registration status: 204
[2019-03-06 20:20:34:233] [INFO] - springfox.documentation.spring.web.scanners.ApiListingReferenceScanner.scan(ApiListingReferenceScanner.java:41) - Scanning for api listing references
[2019-03-06 20:20:34:459] [INFO] - springfox.documentation.spring.web.readers.operation.CachingOperationNameGenerator.startingWith(CachingOperationNameGenerator.java:40) - Generating unique operation named: saveMaterialUsingPOST_1
[2019-03-06 20:20:34:473] [INFO] - springfox.documentation.spring.web.readers.operation.CachingOperationNameGenerator.startingWith(CachingOperationNameGenerator.java:40) - Generating unique operation named: viewMaterialUsingGET_1
[2019-03-06 20:20:34:513] [INFO] - org.apache.juli.logging.DirectJDKLog.log(DirectJDKLog.java:173) - Starting ProtocolHandler ["http-nio-8765"]
[2019-03-06 20:20:34:536] [INFO] - org.springframework.boot.web.embedded.tomcat.TomcatWebServer.start(TomcatWebServer.java:204) - Tomcat started on port(s): 8765 (http) with context path ''
[2019-03-06 20:20:34:537] [INFO] - org.springframework.cloud.netflix.eureka.serviceregistry.EurekaAutoServiceRegistration.onApplicationEvent(EurekaAutoServiceRegistration.java:141) - Updating port to 8765
[2019-03-06 20:20:34:539] [INFO] - org.springframework.boot.StartupInfoLogger.logStarted(StartupInfoLogger.java:59) - Started FeignUserApplication in 11.003 seconds (JVM running for 13.09)
[2019-03-06 20:20:35:028] [INFO] - org.apache.juli.logging.DirectJDKLog.log(DirectJDKLog.java:173) - Initializing Spring DispatcherServlet 'dispatcherServlet'
[2019-03-06 20:20:35:029] [INFO] - org.springframework.web.servlet.FrameworkServlet.initServletBean(FrameworkServlet.java:524) - Initializing Servlet 'dispatcherServlet'
[2019-03-06 20:20:35:034] [INFO] - org.springframework.cloud.config.client.ConfigServicePropertySourceLocator.getRemoteEnvironment(ConfigServicePropertySourceLocator.java:205) - Fetching config from server at : http://localhost:8888
[2019-03-06 20:20:35:041] [INFO] - org.springframework.web.servlet.FrameworkServlet.initServletBean(FrameworkServlet.java:546) - Completed initialization in 12 ms
[2019-03-06 20:20:36:041] [INFO] - org.springframework.cloud.config.client.ConfigServicePropertySourceLocator.getRemoteEnvironment(ConfigServicePropertySourceLocator.java:227) - Connect Timeout Exception on Url - http://localhost:8888. Will be trying the next url if available
[2019-03-06 20:20:36:044] [WARN] - org.springframework.cloud.config.client.ConfigServicePropertySourceLocator.locate(ConfigServicePropertySourceLocator.java:140) - Could not locate PropertySource: I/O error on GET request for "http://localhost:8888/feign-user/default": Connection refused: connect; nested exception is java.net.ConnectException: Connection refused: connect
[2019-03-06 20:20:41:745] [INFO] - com.netflix.config.ChainedDynamicProperty$ChainLink.checkAndFlip(ChainedDynamicProperty.java:115) - Flipping property: material-service.ribbon.ActiveConnectionsLimit to use NEXT property: niws.loadbalancer.availabilityFilteringRule.activeConnectionsLimit = 2147483647
[2019-03-06 20:20:41:768] [INFO] - com.netflix.util.concurrent.ShutdownEnabledTimer.<init>(ShutdownEnabledTimer.java:58) - Shutdown hook installed for: NFLoadBalancer-PingTimer-material-service
[2019-03-06 20:20:41:769] [INFO] - com.netflix.loadbalancer.BaseLoadBalancer.initWithConfig(BaseLoadBalancer.java:197) - Client: material-service instantiated a LoadBalancer: DynamicServerListLoadBalancer:{NFLoadBalancer:name=material-service,current list of Servers=[],Load balancer stats=Zone stats: {},Server stats: []}ServerList:null
[2019-03-06 20:20:41:777] [INFO] - com.netflix.loadbalancer.DynamicServerListLoadBalancer.enableAndInitLearnNewServersFeature(DynamicServerListLoadBalancer.java:222) - Using serverListUpdater PollingServerListUpdater
[2019-03-06 20:20:41:794] [INFO] - com.netflix.config.ChainedDynamicProperty$ChainLink.checkAndFlip(ChainedDynamicProperty.java:115) - Flipping property: material-service.ribbon.ActiveConnectionsLimit to use NEXT property: niws.loadbalancer.availabilityFilteringRule.activeConnectionsLimit = 2147483647
[2019-03-06 20:20:41:799] [INFO] - com.netflix.loadbalancer.DynamicServerListLoadBalancer.restOfInit(DynamicServerListLoadBalancer.java:150) - DynamicServerListLoadBalancer for client material-service initialized: DynamicServerListLoadBalancer:{NFLoadBalancer:name=material-service,current list of Servers=[LAPTOP-VSBV5SCV.cn.ibm.com:8768, LAPTOP-VSBV5SCV:8768, localhost:8768],Load balancer stats=Zone stats: {defaultzone=[Zone:defaultzone;	Instance count:3;	Active connections count: 0;	Circuit breaker tripped count: 0;	Active connections per server: 0.0;]
},Server stats: [[Server:LAPTOP-VSBV5SCV:8768;	Zone:defaultZone;	Total Requests:0;	Successive connection failure:0;	Total blackout seconds:0;	Last connection made:Thu Jan 01 08:00:00 CST 1970;	First connection made: Thu Jan 01 08:00:00 CST 1970;	Active Connections:0;	total failure count in last (1000) msecs:0;	average resp time:0.0;	90 percentile resp time:0.0;	95 percentile resp time:0.0;	min resp time:0.0;	max resp time:0.0;	stddev resp time:0.0]
, [Server:LAPTOP-VSBV5SCV.cn.ibm.com:8768;	Zone:defaultZone;	Total Requests:0;	Successive connection failure:0;	Total blackout seconds:0;	Last connection made:Thu Jan 01 08:00:00 CST 1970;	First connection made: Thu Jan 01 08:00:00 CST 1970;	Active Connections:0;	total failure count in last (1000) msecs:0;	average resp time:0.0;	90 percentile resp time:0.0;	95 percentile resp time:0.0;	min resp time:0.0;	max resp time:0.0;	stddev resp time:0.0]
, [Server:localhost:8768;	Zone:defaultZone;	Total Requests:0;	Successive connection failure:0;	Total blackout seconds:0;	Last connection made:Thu Jan 01 08:00:00 CST 1970;	First connection made: Thu Jan 01 08:00:00 CST 1970;	Active Connections:0;	total failure count in last (1000) msecs:0;	average resp time:0.0;	90 percentile resp time:0.0;	95 percentile resp time:0.0;	min resp time:0.0;	max resp time:0.0;	stddev resp time:0.0]
]}ServerList:org.springframework.cloud.netflix.ribbon.eureka.DomainExtractingServerList@2b1b4ddd
[2019-03-06 20:20:42:781] [INFO] - com.netflix.config.ChainedDynamicProperty$ChainLink.checkAndFlip(ChainedDynamicProperty.java:115) - Flipping property: material-service.ribbon.ActiveConnectionsLimit to use NEXT property: niws.loadbalancer.availabilityFilteringRule.activeConnectionsLimit = 2147483647
[2019-03-06 20:20:46:643] [INFO] - com.netflix.config.ChainedDynamicProperty$ChainLink.checkAndFlip(ChainedDynamicProperty.java:115) - Flipping property: product-service.ribbon.ActiveConnectionsLimit to use NEXT property: niws.loadbalancer.availabilityFilteringRule.activeConnectionsLimit = 2147483647
[2019-03-06 20:20:46:645] [INFO] - com.netflix.util.concurrent.ShutdownEnabledTimer.<init>(ShutdownEnabledTimer.java:58) - Shutdown hook installed for: NFLoadBalancer-PingTimer-product-service
[2019-03-06 20:20:46:645] [INFO] - com.netflix.loadbalancer.BaseLoadBalancer.initWithConfig(BaseLoadBalancer.java:197) - Client: product-service instantiated a LoadBalancer: DynamicServerListLoadBalancer:{NFLoadBalancer:name=product-service,current list of Servers=[],Load balancer stats=Zone stats: {},Server stats: []}ServerList:null
[2019-03-06 20:20:46:646] [INFO] - com.netflix.loadbalancer.DynamicServerListLoadBalancer.enableAndInitLearnNewServersFeature(DynamicServerListLoadBalancer.java:222) - Using serverListUpdater PollingServerListUpdater
[2019-03-06 20:20:46:650] [INFO] - com.netflix.config.ChainedDynamicProperty$ChainLink.checkAndFlip(ChainedDynamicProperty.java:115) - Flipping property: product-service.ribbon.ActiveConnectionsLimit to use NEXT property: niws.loadbalancer.availabilityFilteringRule.activeConnectionsLimit = 2147483647
[2019-03-06 20:20:46:652] [INFO] - com.netflix.loadbalancer.DynamicServerListLoadBalancer.restOfInit(DynamicServerListLoadBalancer.java:150) - DynamicServerListLoadBalancer for client product-service initialized: DynamicServerListLoadBalancer:{NFLoadBalancer:name=product-service,current list of Servers=[localhost:8771, LAPTOP-VSBV5SCV:8771, LAPTOP-VSBV5SCV.cn.ibm.com:8771],Load balancer stats=Zone stats: {defaultzone=[Zone:defaultzone;	Instance count:3;	Active connections count: 0;	Circuit breaker tripped count: 0;	Active connections per server: 0.0;]
},Server stats: [[Server:localhost:8771;	Zone:defaultZone;	Total Requests:0;	Successive connection failure:0;	Total blackout seconds:0;	Last connection made:Thu Jan 01 08:00:00 CST 1970;	First connection made: Thu Jan 01 08:00:00 CST 1970;	Active Connections:0;	total failure count in last (1000) msecs:0;	average resp time:0.0;	90 percentile resp time:0.0;	95 percentile resp time:0.0;	min resp time:0.0;	max resp time:0.0;	stddev resp time:0.0]
, [Server:LAPTOP-VSBV5SCV.cn.ibm.com:8771;	Zone:defaultZone;	Total Requests:0;	Successive connection failure:0;	Total blackout seconds:0;	Last connection made:Thu Jan 01 08:00:00 CST 1970;	First connection made: Thu Jan 01 08:00:00 CST 1970;	Active Connections:0;	total failure count in last (1000) msecs:0;	average resp time:0.0;	90 percentile resp time:0.0;	95 percentile resp time:0.0;	min resp time:0.0;	max resp time:0.0;	stddev resp time:0.0]
, [Server:LAPTOP-VSBV5SCV:8771;	Zone:defaultZone;	Total Requests:0;	Successive connection failure:0;	Total blackout seconds:0;	Last connection made:Thu Jan 01 08:00:00 CST 1970;	First connection made: Thu Jan 01 08:00:00 CST 1970;	Active Connections:0;	total failure count in last (1000) msecs:0;	average resp time:0.0;	90 percentile resp time:0.0;	95 percentile resp time:0.0;	min resp time:0.0;	max resp time:0.0;	stddev resp time:0.0]
]}ServerList:org.springframework.cloud.netflix.ribbon.eureka.DomainExtractingServerList@4230fc68
[2019-03-06 20:20:47:649] [INFO] - com.netflix.config.ChainedDynamicProperty$ChainLink.checkAndFlip(ChainedDynamicProperty.java:115) - Flipping property: product-service.ribbon.ActiveConnectionsLimit to use NEXT property: niws.loadbalancer.availabilityFilteringRule.activeConnectionsLimit = 2147483647
