[2019-03-13 16:06:21:563] [INFO] - com.kone.feignuser.controller.FeignUserController.login(FeignUserController.java:29) - user kone is login!
[2019-03-13 16:06:21:715] [INFO] - com.netflix.config.ChainedDynamicProperty$ChainLink.checkAndFlip(ChainedDynamicProperty.java:115) - Flipping property: user-service.ribbon.ActiveConnectionsLimit to use NEXT property: niws.loadbalancer.availabilityFilteringRule.activeConnectionsLimit = 2147483647
[2019-03-13 16:06:21:720] [INFO] - com.netflix.util.concurrent.ShutdownEnabledTimer.<init>(ShutdownEnabledTimer.java:58) - Shutdown hook installed for: NFLoadBalancer-PingTimer-user-service
[2019-03-13 16:06:21:726] [INFO] - com.netflix.loadbalancer.BaseLoadBalancer.initWithConfig(BaseLoadBalancer.java:197) - Client: user-service instantiated a LoadBalancer: DynamicServerListLoadBalancer:{NFLoadBalancer:name=user-service,current list of Servers=[],Load balancer stats=Zone stats: {},Server stats: []}ServerList:null
[2019-03-13 16:06:21:731] [INFO] - com.netflix.loadbalancer.DynamicServerListLoadBalancer.enableAndInitLearnNewServersFeature(DynamicServerListLoadBalancer.java:222) - Using serverListUpdater PollingServerListUpdater
[2019-03-13 16:06:21:735] [INFO] - com.netflix.config.ChainedDynamicProperty$ChainLink.checkAndFlip(ChainedDynamicProperty.java:115) - Flipping property: user-service.ribbon.ActiveConnectionsLimit to use NEXT property: niws.loadbalancer.availabilityFilteringRule.activeConnectionsLimit = 2147483647
[2019-03-13 16:06:21:737] [INFO] - com.netflix.loadbalancer.DynamicServerListLoadBalancer.restOfInit(DynamicServerListLoadBalancer.java:150) - DynamicServerListLoadBalancer for client user-service initialized: DynamicServerListLoadBalancer:{NFLoadBalancer:name=user-service,current list of Servers=[LAPTOP-VSBV5SCV.cn.ibm.com:8763],Load balancer stats=Zone stats: {defaultzone=[Zone:defaultzone;	Instance count:1;	Active connections count: 0;	Circuit breaker tripped count: 0;	Active connections per server: 0.0;]
},Server stats: [[Server:LAPTOP-VSBV5SCV.cn.ibm.com:8763;	Zone:defaultZone;	Total Requests:0;	Successive connection failure:0;	Total blackout seconds:0;	Last connection made:Thu Jan 01 08:00:00 CST 1970;	First connection made: Thu Jan 01 08:00:00 CST 1970;	Active Connections:0;	total failure count in last (1000) msecs:0;	average resp time:0.0;	90 percentile resp time:0.0;	95 percentile resp time:0.0;	min resp time:0.0;	max resp time:0.0;	stddev resp time:0.0]
]}ServerList:org.springframework.cloud.netflix.ribbon.eureka.DomainExtractingServerList@44b67cfa
[2019-03-13 16:06:22:197] [INFO] - com.kone.feignuser.controller.FeignUserController.login(FeignUserController.java:35) - not nullkone
[2019-03-13 16:06:22:198] [INFO] - com.kone.feignuser.controller.FeignUserController.login(FeignUserController.java:37) - success
[2019-03-13 16:06:22:733] [INFO] - com.netflix.config.ChainedDynamicProperty$ChainLink.checkAndFlip(ChainedDynamicProperty.java:115) - Flipping property: user-service.ribbon.ActiveConnectionsLimit to use NEXT property: niws.loadbalancer.availabilityFilteringRule.activeConnectionsLimit = 2147483647
[2019-03-13 16:06:29:579] [INFO] - com.kone.feignuser.controller.FeignUserController.login(FeignUserController.java:29) - user kone is login!
[2019-03-13 16:06:29:617] [INFO] - com.kone.feignuser.controller.FeignUserController.login(FeignUserController.java:35) - not nullkone
[2019-03-13 16:06:29:617] [INFO] - com.kone.feignuser.controller.FeignUserController.login(FeignUserController.java:37) - success
[2019-03-13 16:06:32:078] [INFO] - com.kone.feignuser.controller.FeignUserController.login(FeignUserController.java:29) - user kone is login!
[2019-03-13 16:06:32:104] [INFO] - com.kone.feignuser.controller.FeignUserController.login(FeignUserController.java:35) - not nullkone
[2019-03-13 16:06:32:106] [INFO] - com.kone.feignuser.controller.FeignUserController.login(FeignUserController.java:37) - success
[2019-03-13 16:06:33:062] [INFO] - com.kone.feignuser.controller.FeignUserController.login(FeignUserController.java:29) - user kone is login!
[2019-03-13 16:06:33:087] [INFO] - com.kone.feignuser.controller.FeignUserController.login(FeignUserController.java:35) - not nullkone
[2019-03-13 16:06:33:091] [INFO] - com.kone.feignuser.controller.FeignUserController.login(FeignUserController.java:37) - success
[2019-03-13 16:06:33:830] [INFO] - com.kone.feignuser.controller.FeignUserController.login(FeignUserController.java:29) - user kone is login!
[2019-03-13 16:06:33:861] [INFO] - com.kone.feignuser.controller.FeignUserController.login(FeignUserController.java:35) - not nullkone
[2019-03-13 16:06:33:862] [INFO] - com.kone.feignuser.controller.FeignUserController.login(FeignUserController.java:37) - success
