[2019-03-13 20:19:23:251] [INFO] - com.netflix.discovery.DiscoveryClient.renew(DiscoveryClient.java:850) - DiscoveryClient_FEIGN-USER/LAPTOP-VSBV5SCV:feign-user:8765 - Re-registering apps/FEIGN-USER
[2019-03-13 20:19:23:265] [INFO] - com.netflix.discovery.DiscoveryClient.register(DiscoveryClient.java:826) - DiscoveryClient_FEIGN-USER/LAPTOP-VSBV5SCV:feign-user:8765: registering service...
[2019-03-13 20:19:23:276] [INFO] - com.netflix.discovery.DiscoveryClient.register(DiscoveryClient.java:826) - DiscoveryClient_FEIGN-USER/LAPTOP-VSBV5SCV:feign-user:8765: registering service...
[2019-03-13 20:19:23:278] [INFO] - com.netflix.discovery.DiscoveryClient.register(DiscoveryClient.java:835) - DiscoveryClient_FEIGN-USER/LAPTOP-VSBV5SCV:feign-user:8765 - registration status: 204
[2019-03-13 20:19:23:285] [INFO] - com.netflix.discovery.DiscoveryClient.register(DiscoveryClient.java:835) - DiscoveryClient_FEIGN-USER/LAPTOP-VSBV5SCV:feign-user:8765 - registration status: 204
[2019-03-13 20:19:34:389] [INFO] - com.kone.feignuser.controller.FeignUserController.login(FeignUserController.java:29) - user kone is login!
[2019-03-13 20:19:35:395] [INFO] - com.kone.feignuser.controller.FeignUserController.login(FeignUserController.java:32) - null
[2019-03-13 20:19:35:396] [INFO] - com.kone.feignuser.controller.FeignUserController.login(FeignUserController.java:37) - 服务器内部错误
[2019-03-13 20:19:41:354] [INFO] - com.kone.feignuser.controller.FeignUserController.login(FeignUserController.java:29) - user kone is login!
[2019-03-13 20:19:42:109] [INFO] - com.kone.feignuser.controller.FeignUserController.login(FeignUserController.java:32) - null
[2019-03-13 20:19:42:109] [INFO] - com.kone.feignuser.controller.FeignUserController.login(FeignUserController.java:37) - 服务器内部错误
[2019-03-13 20:19:46:504] [INFO] - com.kone.feignuser.controller.FeignUserController.login(FeignUserController.java:29) - user kone is login!
[2019-03-13 20:19:46:508] [INFO] - com.kone.feignuser.controller.FeignUserController.login(FeignUserController.java:32) - null
[2019-03-13 20:19:46:508] [INFO] - com.kone.feignuser.controller.FeignUserController.login(FeignUserController.java:37) - 服务器内部错误
[2019-03-13 20:19:53:278] [INFO] - com.netflix.discovery.DiscoveryClient.fetchRegistry(DiscoveryClient.java:958) - Disable delta property : false
[2019-03-13 20:19:53:278] [INFO] - com.netflix.discovery.DiscoveryClient.fetchRegistry(DiscoveryClient.java:959) - Single vip registry refresh property : null
[2019-03-13 20:19:53:279] [INFO] - com.netflix.discovery.DiscoveryClient.fetchRegistry(DiscoveryClient.java:960) - Force full registry fetch : false
[2019-03-13 20:19:53:279] [INFO] - com.netflix.discovery.DiscoveryClient.fetchRegistry(DiscoveryClient.java:961) - Application is null : false
[2019-03-13 20:19:53:279] [INFO] - com.netflix.discovery.DiscoveryClient.fetchRegistry(DiscoveryClient.java:962) - Registered Applications size is zero : true
[2019-03-13 20:19:53:279] [INFO] - com.netflix.discovery.DiscoveryClient.fetchRegistry(DiscoveryClient.java:964) - Application version is -1: false
[2019-03-13 20:19:53:279] [INFO] - com.netflix.discovery.DiscoveryClient.getAndStoreFullRegistry(DiscoveryClient.java:1047) - Getting all instance registry info from the eureka server
[2019-03-13 20:19:53:288] [INFO] - com.netflix.discovery.DiscoveryClient.getAndStoreFullRegistry(DiscoveryClient.java:1056) - The response status is 200
