[2019-03-07 09:48:02:359] [INFO] - com.kone.feignuser.controller.FeignUserController.login(FeignUserController.java:29) - user kone is login!
[2019-03-07 09:48:03:393] [INFO] - com.kone.feignuser.controller.FeignUserController.login(FeignUserController.java:32) - null
[2019-03-07 09:48:03:394] [INFO] - com.kone.feignuser.controller.FeignUserController.login(FeignUserController.java:37) - 服务器内部错误
[2019-03-07 09:48:10:003] [INFO] - com.kone.feignuser.controller.FeignUserController.login(FeignUserController.java:29) - user kone is login!
[2019-03-07 09:48:10:017] [INFO] - com.kone.feignuser.controller.FeignUserController.login(FeignUserController.java:35) - not nullkone
[2019-03-07 09:48:10:019] [INFO] - com.kone.feignuser.controller.FeignUserController.login(FeignUserController.java:37) - success
[2019-03-07 09:48:20:788] [INFO] - com.netflix.config.ChainedDynamicProperty$ChainLink.checkAndFlip(ChainedDynamicProperty.java:115) - Flipping property: material-service.ribbon.ActiveConnectionsLimit to use NEXT property: niws.loadbalancer.availabilityFilteringRule.activeConnectionsLimit = 2147483647
[2019-03-07 09:48:20:790] [INFO] - com.netflix.util.concurrent.ShutdownEnabledTimer.<init>(ShutdownEnabledTimer.java:58) - Shutdown hook installed for: NFLoadBalancer-PingTimer-material-service
[2019-03-07 09:48:20:791] [INFO] - com.netflix.loadbalancer.BaseLoadBalancer.initWithConfig(BaseLoadBalancer.java:197) - Client: material-service instantiated a LoadBalancer: DynamicServerListLoadBalancer:{NFLoadBalancer:name=material-service,current list of Servers=[],Load balancer stats=Zone stats: {},Server stats: []}ServerList:null
[2019-03-07 09:48:20:793] [INFO] - com.netflix.loadbalancer.DynamicServerListLoadBalancer.enableAndInitLearnNewServersFeature(DynamicServerListLoadBalancer.java:222) - Using serverListUpdater PollingServerListUpdater
[2019-03-07 09:48:20:796] [INFO] - com.netflix.config.ChainedDynamicProperty$ChainLink.checkAndFlip(ChainedDynamicProperty.java:115) - Flipping property: material-service.ribbon.ActiveConnectionsLimit to use NEXT property: niws.loadbalancer.availabilityFilteringRule.activeConnectionsLimit = 2147483647
[2019-03-07 09:48:20:798] [INFO] - com.netflix.loadbalancer.DynamicServerListLoadBalancer.restOfInit(DynamicServerListLoadBalancer.java:150) - DynamicServerListLoadBalancer for client material-service initialized: DynamicServerListLoadBalancer:{NFLoadBalancer:name=material-service,current list of Servers=[LAPTOP-VSBV5SCV:8768],Load balancer stats=Zone stats: {defaultzone=[Zone:defaultzone;	Instance count:1;	Active connections count: 0;	Circuit breaker tripped count: 0;	Active connections per server: 0.0;]
},Server stats: [[Server:LAPTOP-VSBV5SCV:8768;	Zone:defaultZone;	Total Requests:0;	Successive connection failure:0;	Total blackout seconds:0;	Last connection made:Thu Jan 01 08:00:00 CST 1970;	First connection made: Thu Jan 01 08:00:00 CST 1970;	Active Connections:0;	total failure count in last (1000) msecs:0;	average resp time:0.0;	90 percentile resp time:0.0;	95 percentile resp time:0.0;	min resp time:0.0;	max resp time:0.0;	stddev resp time:0.0]
]}ServerList:org.springframework.cloud.netflix.ribbon.eureka.DomainExtractingServerList@4eaed909
[2019-03-07 09:48:21:814] [INFO] - com.netflix.config.ChainedDynamicProperty$ChainLink.checkAndFlip(ChainedDynamicProperty.java:115) - Flipping property: material-service.ribbon.ActiveConnectionsLimit to use NEXT property: niws.loadbalancer.availabilityFilteringRule.activeConnectionsLimit = 2147483647
[2019-03-07 09:48:47:450] [INFO] - com.kone.feignuser.controller.FeignUserController.login(FeignUserController.java:29) - user kone is login!
[2019-03-07 09:48:47:482] [INFO] - com.kone.feignuser.controller.FeignUserController.login(FeignUserController.java:35) - not nullkone
[2019-03-07 09:48:47:484] [INFO] - com.kone.feignuser.controller.FeignUserController.login(FeignUserController.java:37) - success
[2019-03-07 09:48:51:484] [INFO] - com.kone.feignuser.controller.FeignUserController.login(FeignUserController.java:29) - user kone is login!
[2019-03-07 09:48:51:515] [INFO] - com.kone.feignuser.controller.FeignUserController.login(FeignUserController.java:35) - not nullkone
[2019-03-07 09:48:51:515] [INFO] - com.kone.feignuser.controller.FeignUserController.login(FeignUserController.java:37) - success
[2019-03-07 09:48:53:726] [INFO] - com.kone.feignuser.controller.FeignUserController.login(FeignUserController.java:29) - user kone is login!
[2019-03-07 09:48:53:757] [INFO] - com.kone.feignuser.controller.FeignUserController.login(FeignUserController.java:35) - not nullkone
[2019-03-07 09:48:53:758] [INFO] - com.kone.feignuser.controller.FeignUserController.login(FeignUserController.java:37) - success
[2019-03-07 09:48:54:751] [INFO] - com.kone.feignuser.controller.FeignUserController.login(FeignUserController.java:29) - user kone is login!
[2019-03-07 09:48:54:767] [INFO] - com.kone.feignuser.controller.FeignUserController.login(FeignUserController.java:35) - not nullkone
[2019-03-07 09:48:54:768] [INFO] - com.kone.feignuser.controller.FeignUserController.login(FeignUserController.java:37) - success
[2019-03-07 09:48:55:612] [INFO] - com.kone.feignuser.controller.FeignUserController.login(FeignUserController.java:29) - user kone is login!
[2019-03-07 09:48:55:629] [INFO] - com.kone.feignuser.controller.FeignUserController.login(FeignUserController.java:35) - not nullkone
[2019-03-07 09:48:55:632] [INFO] - com.kone.feignuser.controller.FeignUserController.login(FeignUserController.java:37) - success
