[2019-03-06 21:04:31:016] [INFO] - org.springframework.cloud.config.client.ConfigServicePropertySourceLocator.getRemoteEnvironment(ConfigServicePropertySourceLocator.java:205) - Fetching config from server at : http://localhost:8888
[2019-03-06 21:04:32:404] [INFO] - org.springframework.cloud.config.client.ConfigServicePropertySourceLocator.getRemoteEnvironment(ConfigServicePropertySourceLocator.java:227) - Connect Timeout Exception on Url - http://localhost:8888. Will be trying the next url if available
[2019-03-06 21:04:32:405] [WARN] - org.springframework.cloud.config.client.ConfigServicePropertySourceLocator.locate(ConfigServicePropertySourceLocator.java:140) - Could not locate PropertySource: I/O error on GET request for "http://localhost:8888/feign-user/default": Connection refused: connect; nested exception is java.net.ConnectException: Connection refused: connect
[2019-03-06 21:04:32:410] [INFO] - org.springframework.boot.SpringApplication.logStartupProfileInfo(SpringApplication.java:675) - No active profile set, falling back to default profiles: default
[2019-03-06 21:04:33:583] [WARN] - org.springframework.boot.actuate.endpoint.EndpointId.logWarning(EndpointId.java:135) - Endpoint ID 'service-registry' contains invalid characters, please migrate to a valid format.
[2019-03-06 21:04:33:598] [WARN] - org.springframework.boot.actuate.endpoint.EndpointId.logWarning(EndpointId.java:135) - Endpoint ID 'hystrix.stream' contains invalid characters, please migrate to a valid format.
[2019-03-06 21:04:33:799] [INFO] - org.springframework.cloud.context.scope.GenericScope.setSerializationId(GenericScope.java:294) - BeanFactory id=61c61fda-7d29-3c61-b7c2-c08c457dea4d
[2019-03-06 21:04:33:827] [INFO] - org.springframework.context.support.PostProcessorRegistrationDelegate$BeanPostProcessorChecker.postProcessAfterInitialization(PostProcessorRegistrationDelegate.java:330) - Bean 'com.kone.feignuser.service.EurekaClientFeign' of type [org.springframework.cloud.openfeign.FeignClientFactoryBean] is not eligible for getting processed by all BeanPostProcessors (for example: not eligible for auto-proxying)
[2019-03-06 21:04:33:829] [INFO] - org.springframework.context.support.PostProcessorRegistrationDelegate$BeanPostProcessorChecker.postProcessAfterInitialization(PostProcessorRegistrationDelegate.java:330) - Bean 'com.kone.feignuser.service.MaterialService' of type [org.springframework.cloud.openfeign.FeignClientFactoryBean] is not eligible for getting processed by all BeanPostProcessors (for example: not eligible for auto-proxying)
[2019-03-06 21:04:33:830] [INFO] - org.springframework.context.support.PostProcessorRegistrationDelegate$BeanPostProcessorChecker.postProcessAfterInitialization(PostProcessorRegistrationDelegate.java:330) - Bean 'com.kone.feignuser.service.ProductService' of type [org.springframework.cloud.openfeign.FeignClientFactoryBean] is not eligible for getting processed by all BeanPostProcessors (for example: not eligible for auto-proxying)
[2019-03-06 21:04:34:158] [INFO] - org.springframework.context.support.PostProcessorRegistrationDelegate$BeanPostProcessorChecker.postProcessAfterInitialization(PostProcessorRegistrationDelegate.java:330) - Bean 'org.springframework.cloud.autoconfigure.ConfigurationPropertiesRebinderAutoConfiguration' of type [org.springframework.cloud.autoconfigure.ConfigurationPropertiesRebinderAutoConfiguration$$EnhancerBySpringCGLIB$$d0c179e5] is not eligible for getting processed by all BeanPostProcessors (for example: not eligible for auto-proxying)
[2019-03-06 21:04:34:516] [INFO] - org.springframework.boot.web.embedded.tomcat.TomcatWebServer.initialize(TomcatWebServer.java:90) - Tomcat initialized with port(s): 8765 (http)
[2019-03-06 21:04:34:544] [INFO] - org.apache.juli.logging.DirectJDKLog.log(DirectJDKLog.java:173) - Initializing ProtocolHandler ["http-nio-8765"]
[2019-03-06 21:04:34:556] [INFO] - org.apache.juli.logging.DirectJDKLog.log(DirectJDKLog.java:173) - Starting service [Tomcat]
[2019-03-06 21:04:34:557] [INFO] - org.apache.juli.logging.DirectJDKLog.log(DirectJDKLog.java:173) - Starting Servlet engine: [Apache Tomcat/9.0.16]
[2019-03-06 21:04:34:563] [INFO] - org.apache.juli.logging.DirectJDKLog.log(DirectJDKLog.java:173) - The APR based Apache Tomcat Native library which allows optimal performance in production environments was not found on the java.library.path: [C:\Program Files\Java\jdk1.8.0_181\bin;C:\WINDOWS\Sun\Java\bin;C:\WINDOWS\system32;C:\WINDOWS;C:\Program Files (x86)\MKS Toolkit\mksnt;C:\PROGRA~2\MKSTOO~1\bin64;C:\PROGRA~2\MKSTOO~1\bin;C:\PROGRA~2\MKSTOO~1\bin\X11;C:\Program Files\Java\jdk1.8.0_181\bin;C:\Program Files\Java\jdk1.8.0_181\jre\bin;C:\PROGRA~2\MKSTOO~1\mksnt;C:\softwareInstalled\InformationServer\ASBNode\lib\cpp;C:\softwareInstalled\InformationServer\ASBNode\apps\proxy\cpp\vc60\MT_dll\bin;C:\Program Files (x86)\Intel\iCLS Client\;C:\Program Files\Intel\iCLS Client\;C:\WINDOWS\system32;C:\WINDOWS;C:\WINDOWS\System32\Wbem;C:\WINDOWS\System32\WindowsPowerShell\v1.0\;C:\Program Files (x86)\Intel\Intel(R) Management Engine Components\DAL;C:\Program Files\Intel\Intel(R) Management Engine Components\DAL;C:\Program Files (x86)\Intel\Intel(R) Management Engine Components\IPT;C:\Program Files\Intel\Intel(R) Management Engine Components\IPT;C:\WINDOWS\System32\OpenSSH\;C:\Program Files (x86)\Common Files\Oracle\Java\javapath;C:\Kone\server\apache-maven-3.5.4\bin;C:\Users\CongWu\AppData\Local\Programs\Python\Python36\;C:\Users\CongWu\AppData\Local\Programs\Python\Python36\Scripts\;C:\Program Files\Git\cmd;C:\Program Files\nodejs\;C:\Program Files\Cloud Foundry;C:\Program Files\kubectl;C:\Program Files\helm\windows-amd64;C:\Program Files\IBM\Cloud\bin;C:\Program Files\TortoiseSVN\bin;C:\Kone\server\mysql-5.5.61-winx64\bin;C:\Kone\server\scala\bin;C:\Kone\server\scala\jre\bin;C:\Kone\server\sbt\bin;C:\softwareInstalled\putty\;%HADOOP%\bin;%HADOOP%\sbin;C:\Kone\server\spark-2.3.2-bin-hadoop2.7\bin;C:\Program Files\Intel\WiFi\bin\;C:\Program Files\Common Files\Intel\WirelessCommon\;C:\WINDOWS\system32;C:\WINDOWS;C:\WINDOWS\System32\Wbem;C:\WINDOWS\System32\WindowsPowerShell\v1.0\;C:\WINDOWS\System32\OpenSSH\;c:\jruby-9.1.17.0\bin;C:\Users\CongWu\AppData\Local\Programs\Python\Python36\Scripts\;C:\Users\CongWu\AppData\Local\Programs\Python\Python36\;C:\Users\CongWu\AppData\Local\Microsoft\WindowsApps;C:\Users\CongWu\AppData\Local\atom\bin;C:\Users\CongWu\AppData\Local\Programs\Microsoft VS Code\bin;C:\ProgramData\CongWu\atom\bin;C:\Users\CongWu\AppData\Roaming\npm;C:\Users\CongWu\AppData\Local\Microsoft\WindowsApps;C:\Users\CongWu\AppData\Local\Box\Box Edit\;.]
[2019-03-06 21:04:34:730] [INFO] - org.apache.juli.logging.DirectJDKLog.log(DirectJDKLog.java:173) - Initializing Spring embedded WebApplicationContext
[2019-03-06 21:04:34:730] [INFO] - org.springframework.boot.web.servlet.context.ServletWebServerApplicationContext.prepareWebApplicationContext(ServletWebServerApplicationContext.java:296) - Root WebApplicationContext: initialization completed in 2292 ms
[2019-03-06 21:04:34:859] [WARN] - com.netflix.config.sources.URLConfigurationSource.<init>(URLConfigurationSource.java:121) - No URLs will be polled as dynamic configuration sources.
[2019-03-06 21:04:34:860] [INFO] - com.netflix.config.sources.URLConfigurationSource.<init>(URLConfigurationSource.java:122) - To enable URLs as dynamic configuration sources, define System property archaius.configurationSource.additionalUrls or make config.properties available on classpath.
[2019-03-06 21:04:34:873] [INFO] - com.netflix.config.DynamicPropertyFactory.getInstance(DynamicPropertyFactory.java:281) - DynamicPropertyFactory is initialized with configuration sources: com.netflix.config.ConcurrentCompositeConfiguration@5e0c4f21
[2019-03-06 21:04:36:378] [INFO] - org.springframework.boot.actuate.endpoint.web.EndpointLinksResolver.<init>(EndpointLinksResolver.java:59) - Exposing 2 endpoint(s) beneath base path '/actuator'
[2019-03-06 21:04:36:515] [WARN] - com.netflix.config.sources.URLConfigurationSource.<init>(URLConfigurationSource.java:121) - No URLs will be polled as dynamic configuration sources.
[2019-03-06 21:04:36:515] [INFO] - com.netflix.config.sources.URLConfigurationSource.<init>(URLConfigurationSource.java:122) - To enable URLs as dynamic configuration sources, define System property archaius.configurationSource.additionalUrls or make config.properties available on classpath.
[2019-03-06 21:04:36:695] [INFO] - org.springframework.scheduling.concurrent.ExecutorConfigurationSupport.initialize(ExecutorConfigurationSupport.java:171) - Initializing ExecutorService 'applicationTaskExecutor'
[2019-03-06 21:04:36:829] [INFO] - org.springframework.boot.autoconfigure.web.servlet.WelcomePageHandlerMapping.<init>(WelcomePageHandlerMapping.java:61) - Adding welcome page template: index
[2019-03-06 21:04:37:504] [INFO] - org.springframework.cloud.netflix.eureka.InstanceInfoFactory.create(InstanceInfoFactory.java:71) - Setting initial instance status as: STARTING
[2019-03-06 21:04:37:550] [INFO] - com.netflix.discovery.DiscoveryClient.<init>(DiscoveryClient.java:349) - Initializing Eureka in region us-east-1
[2019-03-06 21:04:38:042] [INFO] - com.netflix.discovery.provider.DiscoveryJerseyProvider.<init>(DiscoveryJerseyProvider.java:70) - Using JSON encoding codec LegacyJacksonJson
[2019-03-06 21:04:38:043] [INFO] - com.netflix.discovery.provider.DiscoveryJerseyProvider.<init>(DiscoveryJerseyProvider.java:71) - Using JSON decoding codec LegacyJacksonJson
[2019-03-06 21:04:38:169] [INFO] - com.netflix.discovery.provider.DiscoveryJerseyProvider.<init>(DiscoveryJerseyProvider.java:80) - Using XML encoding codec XStreamXml
[2019-03-06 21:04:38:169] [INFO] - com.netflix.discovery.provider.DiscoveryJerseyProvider.<init>(DiscoveryJerseyProvider.java:81) - Using XML decoding codec XStreamXml
[2019-03-06 21:04:38:382] [INFO] - com.netflix.discovery.shared.resolver.aws.ConfigClusterResolver.getClusterEndpoints(ConfigClusterResolver.java:43) - Resolving eureka endpoints via configuration
[2019-03-06 21:04:38:635] [INFO] - com.netflix.discovery.DiscoveryClient.fetchRegistry(DiscoveryClient.java:958) - Disable delta property : false
[2019-03-06 21:04:38:635] [INFO] - com.netflix.discovery.DiscoveryClient.fetchRegistry(DiscoveryClient.java:959) - Single vip registry refresh property : null
[2019-03-06 21:04:38:636] [INFO] - com.netflix.discovery.DiscoveryClient.fetchRegistry(DiscoveryClient.java:960) - Force full registry fetch : false
[2019-03-06 21:04:38:636] [INFO] - com.netflix.discovery.DiscoveryClient.fetchRegistry(DiscoveryClient.java:961) - Application is null : false
[2019-03-06 21:04:38:636] [INFO] - com.netflix.discovery.DiscoveryClient.fetchRegistry(DiscoveryClient.java:962) - Registered Applications size is zero : true
[2019-03-06 21:04:38:636] [INFO] - com.netflix.discovery.DiscoveryClient.fetchRegistry(DiscoveryClient.java:964) - Application version is -1: true
[2019-03-06 21:04:38:637] [INFO] - com.netflix.discovery.DiscoveryClient.getAndStoreFullRegistry(DiscoveryClient.java:1047) - Getting all instance registry info from the eureka server
[2019-03-06 21:04:38:775] [INFO] - com.netflix.discovery.DiscoveryClient.getAndStoreFullRegistry(DiscoveryClient.java:1056) - The response status is 200
[2019-03-06 21:04:38:778] [INFO] - com.netflix.discovery.DiscoveryClient.initScheduledTasks(DiscoveryClient.java:1270) - Starting heartbeat executor: renew interval is: 30
[2019-03-06 21:04:38:781] [INFO] - com.netflix.discovery.InstanceInfoReplicator.<init>(InstanceInfoReplicator.java:60) - InstanceInfoReplicator onDemand update allowed rate per min is 4
[2019-03-06 21:04:38:785] [INFO] - com.netflix.discovery.DiscoveryClient.<init>(DiscoveryClient.java:449) - Discovery Client initialized at timestamp 1551877478784 with initial instances count: 11
[2019-03-06 21:04:38:787] [INFO] - org.springframework.cloud.netflix.eureka.serviceregistry.EurekaServiceRegistry.register(EurekaServiceRegistry.java:42) - Registering application FEIGN-USER with eureka with status UP
[2019-03-06 21:04:38:787] [INFO] - com.netflix.discovery.DiscoveryClient$3.notify(DiscoveryClient.java:1305) - Saw local status change event StatusChangeEvent [timestamp=1551877478787, current=UP, previous=STARTING]
[2019-03-06 21:04:38:790] [INFO] - springfox.documentation.spring.web.plugins.DocumentationPluginsBootstrapper.start(DocumentationPluginsBootstrapper.java:120) - Context refreshed
[2019-03-06 21:04:38:791] [INFO] - com.netflix.discovery.DiscoveryClient.register(DiscoveryClient.java:826) - DiscoveryClient_FEIGN-USER/LAPTOP-VSBV5SCV:feign-user:8765: registering service...
[2019-03-06 21:04:38:813] [INFO] - springfox.documentation.spring.web.plugins.DocumentationPluginsBootstrapper.start(DocumentationPluginsBootstrapper.java:123) - Found 1 custom documentation plugin(s)
[2019-03-06 21:04:38:826] [INFO] - com.netflix.discovery.DiscoveryClient.register(DiscoveryClient.java:835) - DiscoveryClient_FEIGN-USER/LAPTOP-VSBV5SCV:feign-user:8765 - registration status: 204
[2019-03-06 21:04:38:832] [INFO] - springfox.documentation.spring.web.scanners.ApiListingReferenceScanner.scan(ApiListingReferenceScanner.java:41) - Scanning for api listing references
[2019-03-06 21:04:39:047] [INFO] - springfox.documentation.spring.web.readers.operation.CachingOperationNameGenerator.startingWith(CachingOperationNameGenerator.java:40) - Generating unique operation named: saveMaterialUsingPOST_1
[2019-03-06 21:04:39:064] [INFO] - springfox.documentation.spring.web.readers.operation.CachingOperationNameGenerator.startingWith(CachingOperationNameGenerator.java:40) - Generating unique operation named: viewMaterialUsingGET_1
[2019-03-06 21:04:39:108] [INFO] - org.apache.juli.logging.DirectJDKLog.log(DirectJDKLog.java:173) - Starting ProtocolHandler ["http-nio-8765"]
[2019-03-06 21:04:39:130] [INFO] - org.springframework.boot.web.embedded.tomcat.TomcatWebServer.start(TomcatWebServer.java:204) - Tomcat started on port(s): 8765 (http) with context path ''
[2019-03-06 21:04:39:131] [INFO] - org.springframework.cloud.netflix.eureka.serviceregistry.EurekaAutoServiceRegistration.onApplicationEvent(EurekaAutoServiceRegistration.java:141) - Updating port to 8765
[2019-03-06 21:04:39:133] [INFO] - org.springframework.boot.StartupInfoLogger.logStarted(StartupInfoLogger.java:59) - Started FeignUserApplication in 11.957 seconds (JVM running for 14.03)
[2019-03-06 21:04:39:571] [INFO] - org.apache.juli.logging.DirectJDKLog.log(DirectJDKLog.java:173) - Initializing Spring DispatcherServlet 'dispatcherServlet'
[2019-03-06 21:04:39:572] [INFO] - org.springframework.web.servlet.FrameworkServlet.initServletBean(FrameworkServlet.java:524) - Initializing Servlet 'dispatcherServlet'
[2019-03-06 21:04:39:579] [INFO] - org.springframework.cloud.config.client.ConfigServicePropertySourceLocator.getRemoteEnvironment(ConfigServicePropertySourceLocator.java:205) - Fetching config from server at : http://localhost:8888
[2019-03-06 21:04:39:591] [INFO] - org.springframework.web.servlet.FrameworkServlet.initServletBean(FrameworkServlet.java:546) - Completed initialization in 18 ms
[2019-03-06 21:04:40:593] [INFO] - org.springframework.cloud.config.client.ConfigServicePropertySourceLocator.getRemoteEnvironment(ConfigServicePropertySourceLocator.java:227) - Connect Timeout Exception on Url - http://localhost:8888. Will be trying the next url if available
[2019-03-06 21:04:40:595] [WARN] - org.springframework.cloud.config.client.ConfigServicePropertySourceLocator.locate(ConfigServicePropertySourceLocator.java:140) - Could not locate PropertySource: I/O error on GET request for "http://localhost:8888/feign-user/default": Connection refused: connect; nested exception is java.net.ConnectException: Connection refused: connect
[2019-03-06 21:04:45:468] [INFO] - com.kone.feignuser.controller.FeignUserController.login(FeignUserController.java:29) - user kone is login!
[2019-03-06 21:04:46:342] [INFO] - com.netflix.config.ChainedDynamicProperty$ChainLink.checkAndFlip(ChainedDynamicProperty.java:115) - Flipping property: user-service.ribbon.ActiveConnectionsLimit to use NEXT property: niws.loadbalancer.availabilityFilteringRule.activeConnectionsLimit = 2147483647
[2019-03-06 21:04:46:380] [INFO] - com.netflix.util.concurrent.ShutdownEnabledTimer.<init>(ShutdownEnabledTimer.java:58) - Shutdown hook installed for: NFLoadBalancer-PingTimer-user-service
[2019-03-06 21:04:46:384] [INFO] - com.netflix.loadbalancer.BaseLoadBalancer.initWithConfig(BaseLoadBalancer.java:197) - Client: user-service instantiated a LoadBalancer: DynamicServerListLoadBalancer:{NFLoadBalancer:name=user-service,current list of Servers=[],Load balancer stats=Zone stats: {},Server stats: []}ServerList:null
[2019-03-06 21:04:46:392] [INFO] - com.netflix.loadbalancer.DynamicServerListLoadBalancer.enableAndInitLearnNewServersFeature(DynamicServerListLoadBalancer.java:222) - Using serverListUpdater PollingServerListUpdater
[2019-03-06 21:04:46:422] [INFO] - com.netflix.config.ChainedDynamicProperty$ChainLink.checkAndFlip(ChainedDynamicProperty.java:115) - Flipping property: user-service.ribbon.ActiveConnectionsLimit to use NEXT property: niws.loadbalancer.availabilityFilteringRule.activeConnectionsLimit = 2147483647
[2019-03-06 21:04:46:426] [INFO] - com.netflix.loadbalancer.DynamicServerListLoadBalancer.restOfInit(DynamicServerListLoadBalancer.java:150) - DynamicServerListLoadBalancer for client user-service initialized: DynamicServerListLoadBalancer:{NFLoadBalancer:name=user-service,current list of Servers=[LAPTOP-VSBV5SCV:8771, localhost:8763],Load balancer stats=Zone stats: {defaultzone=[Zone:defaultzone;	Instance count:2;	Active connections count: 0;	Circuit breaker tripped count: 0;	Active connections per server: 0.0;]
},Server stats: [[Server:LAPTOP-VSBV5SCV:8771;	Zone:defaultZone;	Total Requests:0;	Successive connection failure:0;	Total blackout seconds:0;	Last connection made:Thu Jan 01 08:00:00 CST 1970;	First connection made: Thu Jan 01 08:00:00 CST 1970;	Active Connections:0;	total failure count in last (1000) msecs:0;	average resp time:0.0;	90 percentile resp time:0.0;	95 percentile resp time:0.0;	min resp time:0.0;	max resp time:0.0;	stddev resp time:0.0]
, [Server:localhost:8763;	Zone:defaultZone;	Total Requests:0;	Successive connection failure:0;	Total blackout seconds:0;	Last connection made:Thu Jan 01 08:00:00 CST 1970;	First connection made: Thu Jan 01 08:00:00 CST 1970;	Active Connections:0;	total failure count in last (1000) msecs:0;	average resp time:0.0;	90 percentile resp time:0.0;	95 percentile resp time:0.0;	min resp time:0.0;	max resp time:0.0;	stddev resp time:0.0]
]}ServerList:org.springframework.cloud.netflix.ribbon.eureka.DomainExtractingServerList@106d5af0
[2019-03-06 21:04:46:929] [INFO] - com.kone.feignuser.controller.FeignUserController.login(FeignUserController.java:32) - null
[2019-03-06 21:04:46:929] [INFO] - com.kone.feignuser.controller.FeignUserController.login(FeignUserController.java:37) - 服务器内部错误
[2019-03-06 21:04:47:401] [INFO] - com.netflix.config.ChainedDynamicProperty$ChainLink.checkAndFlip(ChainedDynamicProperty.java:115) - Flipping property: user-service.ribbon.ActiveConnectionsLimit to use NEXT property: niws.loadbalancer.availabilityFilteringRule.activeConnectionsLimit = 2147483647
