[2019-03-13 16:39:26:293] [INFO] - org.springframework.cloud.config.client.ConfigServicePropertySourceLocator.getRemoteEnvironment(ConfigServicePropertySourceLocator.java:205) - Fetching config from server at : http://localhost:8888
[2019-03-13 16:39:27:486] [INFO] - org.springframework.cloud.config.client.ConfigServicePropertySourceLocator.getRemoteEnvironment(ConfigServicePropertySourceLocator.java:227) - Connect Timeout Exception on Url - http://localhost:8888. Will be trying the next url if available
[2019-03-13 16:39:27:487] [WARN] - org.springframework.cloud.config.client.ConfigServicePropertySourceLocator.locate(ConfigServicePropertySourceLocator.java:140) - Could not locate PropertySource: I/O error on GET request for "http://localhost:8888/feign-user/default": Connection refused: connect; nested exception is java.net.ConnectException: Connection refused: connect
[2019-03-13 16:39:27:490] [INFO] - org.springframework.boot.SpringApplication.logStartupProfileInfo(SpringApplication.java:675) - No active profile set, falling back to default profiles: default
[2019-03-13 16:39:29:485] [WARN] - org.springframework.boot.actuate.endpoint.EndpointId.logWarning(EndpointId.java:135) - Endpoint ID 'service-registry' contains invalid characters, please migrate to a valid format.
[2019-03-13 16:39:29:508] [WARN] - org.springframework.boot.actuate.endpoint.EndpointId.logWarning(EndpointId.java:135) - Endpoint ID 'hystrix.stream' contains invalid characters, please migrate to a valid format.
[2019-03-13 16:39:29:780] [INFO] - org.springframework.cloud.context.scope.GenericScope.setSerializationId(GenericScope.java:294) - BeanFactory id=76dfe507-9e1f-3dc4-acf0-01deeb4031ba
[2019-03-13 16:39:30:126] [INFO] - org.springframework.context.support.PostProcessorRegistrationDelegate$BeanPostProcessorChecker.postProcessAfterInitialization(PostProcessorRegistrationDelegate.java:330) - Bean 'org.springframework.cloud.autoconfigure.ConfigurationPropertiesRebinderAutoConfiguration' of type [org.springframework.cloud.autoconfigure.ConfigurationPropertiesRebinderAutoConfiguration$$EnhancerBySpringCGLIB$$d28bb5c6] is not eligible for getting processed by all BeanPostProcessors (for example: not eligible for auto-proxying)
[2019-03-13 16:39:30:922] [INFO] - org.springframework.boot.web.embedded.tomcat.TomcatWebServer.initialize(TomcatWebServer.java:90) - Tomcat initialized with port(s): 8765 (http)
[2019-03-13 16:39:30:958] [INFO] - org.apache.juli.logging.DirectJDKLog.log(DirectJDKLog.java:173) - Initializing ProtocolHandler ["http-nio-8765"]
[2019-03-13 16:39:30:971] [INFO] - org.apache.juli.logging.DirectJDKLog.log(DirectJDKLog.java:173) - Starting service [Tomcat]
[2019-03-13 16:39:30:973] [INFO] - org.apache.juli.logging.DirectJDKLog.log(DirectJDKLog.java:173) - Starting Servlet engine: [Apache Tomcat/9.0.16]
[2019-03-13 16:39:30:985] [INFO] - org.apache.juli.logging.DirectJDKLog.log(DirectJDKLog.java:173) - The APR based Apache Tomcat Native library which allows optimal performance in production environments was not found on the java.library.path: [C:\Program Files\Java\jdk1.8.0_181\bin;C:\WINDOWS\Sun\Java\bin;C:\WINDOWS\system32;C:\WINDOWS;C:\Program Files (x86)\MKS Toolkit\mksnt;C:\PROGRA~2\MKSTOO~1\bin64;C:\PROGRA~2\MKSTOO~1\bin;C:\PROGRA~2\MKSTOO~1\bin\X11;C:\Program Files\Java\jdk1.8.0_181\bin;C:\Program Files\Java\jdk1.8.0_181\jre\bin;C:\PROGRA~2\MKSTOO~1\mksnt;C:\softwareInstalled\InformationServer\ASBNode\lib\cpp;C:\softwareInstalled\InformationServer\ASBNode\apps\proxy\cpp\vc60\MT_dll\bin;C:\Program Files (x86)\Intel\iCLS Client\;C:\Program Files\Intel\iCLS Client\;C:\WINDOWS\system32;C:\WINDOWS;C:\WINDOWS\System32\Wbem;C:\WINDOWS\System32\WindowsPowerShell\v1.0\;C:\Program Files (x86)\Intel\Intel(R) Management Engine Components\DAL;C:\Program Files\Intel\Intel(R) Management Engine Components\DAL;C:\Program Files (x86)\Intel\Intel(R) Management Engine Components\IPT;C:\Program Files\Intel\Intel(R) Management Engine Components\IPT;C:\WINDOWS\System32\OpenSSH\;C:\Program Files (x86)\Common Files\Oracle\Java\javapath;C:\Kone\server\apache-maven-3.5.4\bin;C:\Users\CongWu\AppData\Local\Programs\Python\Python36\;C:\Users\CongWu\AppData\Local\Programs\Python\Python36\Scripts\;C:\Program Files\Git\cmd;C:\Program Files\nodejs\;C:\Program Files\Cloud Foundry;C:\Program Files\kubectl;C:\Program Files\helm\windows-amd64;C:\Program Files\IBM\Cloud\bin;C:\Program Files\TortoiseSVN\bin;C:\Kone\server\mysql-5.5.61-winx64\bin;C:\Kone\server\scala\bin;C:\Kone\server\scala\jre\bin;C:\Kone\server\sbt\bin;C:\softwareInstalled\putty\;%HADOOP%\bin;%HADOOP%\sbin;C:\Kone\server\spark-2.3.2-bin-hadoop2.7\bin;C:\Program Files\Intel\WiFi\bin\;C:\Program Files\Common Files\Intel\WirelessCommon\;C:\WINDOWS\system32;C:\WINDOWS;C:\WINDOWS\System32\Wbem;C:\WINDOWS\System32\WindowsPowerShell\v1.0\;C:\WINDOWS\System32\OpenSSH\;c:\jruby-9.1.17.0\bin;C:\Users\CongWu\AppData\Local\Programs\Python\Python36\Scripts\;C:\Users\CongWu\AppData\Local\Programs\Python\Python36\;C:\Users\CongWu\AppData\Local\Microsoft\WindowsApps;C:\Users\CongWu\AppData\Local\atom\bin;C:\Users\CongWu\AppData\Local\Programs\Microsoft VS Code\bin;C:\ProgramData\CongWu\atom\bin;C:\Users\CongWu\AppData\Roaming\npm;C:\Users\CongWu\AppData\Local\Microsoft\WindowsApps;C:\Users\CongWu\AppData\Local\Box\Box Edit\;.]
[2019-03-13 16:39:31:189] [INFO] - org.apache.juli.logging.DirectJDKLog.log(DirectJDKLog.java:173) - Initializing Spring embedded WebApplicationContext
[2019-03-13 16:39:31:190] [INFO] - org.springframework.boot.web.servlet.context.ServletWebServerApplicationContext.prepareWebApplicationContext(ServletWebServerApplicationContext.java:296) - Root WebApplicationContext: initialization completed in 3676 ms
[2019-03-13 16:39:31:341] [WARN] - com.netflix.config.sources.URLConfigurationSource.<init>(URLConfigurationSource.java:121) - No URLs will be polled as dynamic configuration sources.
[2019-03-13 16:39:31:342] [INFO] - com.netflix.config.sources.URLConfigurationSource.<init>(URLConfigurationSource.java:122) - To enable URLs as dynamic configuration sources, define System property archaius.configurationSource.additionalUrls or make config.properties available on classpath.
[2019-03-13 16:39:31:358] [INFO] - com.netflix.config.DynamicPropertyFactory.getInstance(DynamicPropertyFactory.java:281) - DynamicPropertyFactory is initialized with configuration sources: com.netflix.config.ConcurrentCompositeConfiguration@a444b46
[2019-03-13 16:39:32:727] [INFO] - org.springframework.boot.devtools.autoconfigure.OptionalLiveReloadServer.startServer(OptionalLiveReloadServer.java:57) - LiveReload server is running on port 35729
[2019-03-13 16:39:33:437] [INFO] - org.springframework.boot.actuate.endpoint.web.EndpointLinksResolver.<init>(EndpointLinksResolver.java:59) - Exposing 2 endpoint(s) beneath base path '/actuator'
[2019-03-13 16:39:33:669] [WARN] - com.netflix.config.sources.URLConfigurationSource.<init>(URLConfigurationSource.java:121) - No URLs will be polled as dynamic configuration sources.
[2019-03-13 16:39:33:669] [INFO] - com.netflix.config.sources.URLConfigurationSource.<init>(URLConfigurationSource.java:122) - To enable URLs as dynamic configuration sources, define System property archaius.configurationSource.additionalUrls or make config.properties available on classpath.
[2019-03-13 16:39:33:887] [INFO] - org.springframework.scheduling.concurrent.ExecutorConfigurationSupport.initialize(ExecutorConfigurationSupport.java:171) - Initializing ExecutorService 'applicationTaskExecutor'
[2019-03-13 16:39:34:120] [INFO] - org.springframework.boot.autoconfigure.web.servlet.WelcomePageHandlerMapping.<init>(WelcomePageHandlerMapping.java:61) - Adding welcome page template: index
[2019-03-13 16:39:35:809] [INFO] - org.springframework.cloud.netflix.eureka.InstanceInfoFactory.create(InstanceInfoFactory.java:71) - Setting initial instance status as: STARTING
[2019-03-13 16:39:35:868] [INFO] - com.netflix.discovery.DiscoveryClient.<init>(DiscoveryClient.java:349) - Initializing Eureka in region us-east-1
[2019-03-13 16:39:36:287] [INFO] - com.netflix.discovery.provider.DiscoveryJerseyProvider.<init>(DiscoveryJerseyProvider.java:70) - Using JSON encoding codec LegacyJacksonJson
[2019-03-13 16:39:36:287] [INFO] - com.netflix.discovery.provider.DiscoveryJerseyProvider.<init>(DiscoveryJerseyProvider.java:71) - Using JSON decoding codec LegacyJacksonJson
[2019-03-13 16:39:36:388] [INFO] - com.netflix.discovery.provider.DiscoveryJerseyProvider.<init>(DiscoveryJerseyProvider.java:80) - Using XML encoding codec XStreamXml
[2019-03-13 16:39:36:389] [INFO] - com.netflix.discovery.provider.DiscoveryJerseyProvider.<init>(DiscoveryJerseyProvider.java:81) - Using XML decoding codec XStreamXml
[2019-03-13 16:39:36:557] [INFO] - com.netflix.discovery.shared.resolver.aws.ConfigClusterResolver.getClusterEndpoints(ConfigClusterResolver.java:43) - Resolving eureka endpoints via configuration
[2019-03-13 16:39:36:815] [INFO] - com.netflix.discovery.DiscoveryClient.fetchRegistry(DiscoveryClient.java:958) - Disable delta property : false
[2019-03-13 16:39:36:816] [INFO] - com.netflix.discovery.DiscoveryClient.fetchRegistry(DiscoveryClient.java:959) - Single vip registry refresh property : null
[2019-03-13 16:39:36:816] [INFO] - com.netflix.discovery.DiscoveryClient.fetchRegistry(DiscoveryClient.java:960) - Force full registry fetch : false
[2019-03-13 16:39:36:816] [INFO] - com.netflix.discovery.DiscoveryClient.fetchRegistry(DiscoveryClient.java:961) - Application is null : false
[2019-03-13 16:39:36:816] [INFO] - com.netflix.discovery.DiscoveryClient.fetchRegistry(DiscoveryClient.java:962) - Registered Applications size is zero : true
[2019-03-13 16:39:36:817] [INFO] - com.netflix.discovery.DiscoveryClient.fetchRegistry(DiscoveryClient.java:964) - Application version is -1: true
[2019-03-13 16:39:36:817] [INFO] - com.netflix.discovery.DiscoveryClient.getAndStoreFullRegistry(DiscoveryClient.java:1047) - Getting all instance registry info from the eureka server
[2019-03-13 16:39:36:968] [INFO] - com.netflix.discovery.DiscoveryClient.getAndStoreFullRegistry(DiscoveryClient.java:1056) - The response status is 200
[2019-03-13 16:39:36:971] [INFO] - com.netflix.discovery.DiscoveryClient.initScheduledTasks(DiscoveryClient.java:1270) - Starting heartbeat executor: renew interval is: 30
[2019-03-13 16:39:36:973] [INFO] - com.netflix.discovery.InstanceInfoReplicator.<init>(InstanceInfoReplicator.java:60) - InstanceInfoReplicator onDemand update allowed rate per min is 4
[2019-03-13 16:39:36:977] [INFO] - com.netflix.discovery.DiscoveryClient.<init>(DiscoveryClient.java:449) - Discovery Client initialized at timestamp 1552466376976 with initial instances count: 4
[2019-03-13 16:39:36:980] [INFO] - org.springframework.cloud.netflix.eureka.serviceregistry.EurekaServiceRegistry.register(EurekaServiceRegistry.java:42) - Registering application FEIGN-USER with eureka with status UP
[2019-03-13 16:39:36:981] [INFO] - com.netflix.discovery.DiscoveryClient$3.notify(DiscoveryClient.java:1305) - Saw local status change event StatusChangeEvent [timestamp=1552466376981, current=UP, previous=STARTING]
[2019-03-13 16:39:36:982] [INFO] - springfox.documentation.spring.web.plugins.DocumentationPluginsBootstrapper.start(DocumentationPluginsBootstrapper.java:120) - Context refreshed
[2019-03-13 16:39:36:983] [INFO] - com.netflix.discovery.DiscoveryClient.register(DiscoveryClient.java:826) - DiscoveryClient_FEIGN-USER/LAPTOP-VSBV5SCV.cn.ibm.com:feign-user:8765: registering service...
[2019-03-13 16:39:37:006] [INFO] - springfox.documentation.spring.web.plugins.DocumentationPluginsBootstrapper.start(DocumentationPluginsBootstrapper.java:123) - Found 1 custom documentation plugin(s)
[2019-03-13 16:39:37:022] [INFO] - com.netflix.discovery.DiscoveryClient.register(DiscoveryClient.java:835) - DiscoveryClient_FEIGN-USER/LAPTOP-VSBV5SCV.cn.ibm.com:feign-user:8765 - registration status: 204
[2019-03-13 16:39:37:033] [INFO] - springfox.documentation.spring.web.scanners.ApiListingReferenceScanner.scan(ApiListingReferenceScanner.java:41) - Scanning for api listing references
[2019-03-13 16:39:37:332] [INFO] - springfox.documentation.spring.web.readers.operation.CachingOperationNameGenerator.startingWith(CachingOperationNameGenerator.java:40) - Generating unique operation named: saveMaterialUsingPOST_1
[2019-03-13 16:39:37:367] [INFO] - springfox.documentation.spring.web.readers.operation.CachingOperationNameGenerator.startingWith(CachingOperationNameGenerator.java:40) - Generating unique operation named: viewMaterialUsingGET_1
[2019-03-13 16:39:37:419] [INFO] - org.apache.juli.logging.DirectJDKLog.log(DirectJDKLog.java:173) - Starting ProtocolHandler ["http-nio-8765"]
[2019-03-13 16:39:37:673] [INFO] - org.springframework.boot.web.embedded.tomcat.TomcatWebServer.start(TomcatWebServer.java:204) - Tomcat started on port(s): 8765 (http) with context path ''
[2019-03-13 16:39:37:675] [INFO] - org.springframework.cloud.netflix.eureka.serviceregistry.EurekaAutoServiceRegistration.onApplicationEvent(EurekaAutoServiceRegistration.java:141) - Updating port to 8765
[2019-03-13 16:39:37:677] [INFO] - org.springframework.boot.StartupInfoLogger.logStarted(StartupInfoLogger.java:59) - Started FeignUserApplication in 14.744 seconds (JVM running for 19.168)
[2019-03-13 16:39:38:265] [INFO] - org.apache.juli.logging.DirectJDKLog.log(DirectJDKLog.java:173) - Initializing Spring DispatcherServlet 'dispatcherServlet'
[2019-03-13 16:39:38:265] [INFO] - org.springframework.web.servlet.FrameworkServlet.initServletBean(FrameworkServlet.java:524) - Initializing Servlet 'dispatcherServlet'
[2019-03-13 16:39:38:270] [INFO] - org.springframework.cloud.config.client.ConfigServicePropertySourceLocator.getRemoteEnvironment(ConfigServicePropertySourceLocator.java:205) - Fetching config from server at : http://localhost:8888
[2019-03-13 16:39:38:285] [INFO] - org.springframework.web.servlet.FrameworkServlet.initServletBean(FrameworkServlet.java:546) - Completed initialization in 19 ms
[2019-03-13 16:39:39:285] [INFO] - org.springframework.cloud.config.client.ConfigServicePropertySourceLocator.getRemoteEnvironment(ConfigServicePropertySourceLocator.java:227) - Connect Timeout Exception on Url - http://localhost:8888. Will be trying the next url if available
[2019-03-13 16:39:39:285] [WARN] - org.springframework.cloud.config.client.ConfigServicePropertySourceLocator.locate(ConfigServicePropertySourceLocator.java:140) - Could not locate PropertySource: I/O error on GET request for "http://localhost:8888/feign-user/default": Connection refused: connect; nested exception is java.net.ConnectException: Connection refused: connect
