[2019-03-06 13:25:46:813] [INFO] - com.netflix.config.ChainedDynamicProperty$ChainLink.checkAndFlip(ChainedDynamicProperty.java:115) - Flipping property: material-service.ribbon.ActiveConnectionsLimit to use NEXT property: niws.loadbalancer.availabilityFilteringRule.activeConnectionsLimit = 2147483647
[2019-03-06 13:25:46:856] [INFO] - com.netflix.util.concurrent.ShutdownEnabledTimer.<init>(ShutdownEnabledTimer.java:58) - Shutdown hook installed for: NFLoadBalancer-PingTimer-material-service
[2019-03-06 13:25:46:858] [INFO] - com.netflix.loadbalancer.BaseLoadBalancer.initWithConfig(BaseLoadBalancer.java:197) - Client: material-service instantiated a LoadBalancer: DynamicServerListLoadBalancer:{NFLoadBalancer:name=material-service,current list of Servers=[],Load balancer stats=Zone stats: {},Server stats: []}ServerList:null
[2019-03-06 13:25:46:868] [INFO] - com.netflix.loadbalancer.DynamicServerListLoadBalancer.enableAndInitLearnNewServersFeature(DynamicServerListLoadBalancer.java:222) - Using serverListUpdater PollingServerListUpdater
[2019-03-06 13:25:46:887] [INFO] - com.netflix.config.ChainedDynamicProperty$ChainLink.checkAndFlip(ChainedDynamicProperty.java:115) - Flipping property: material-service.ribbon.ActiveConnectionsLimit to use NEXT property: niws.loadbalancer.availabilityFilteringRule.activeConnectionsLimit = 2147483647
[2019-03-06 13:25:46:891] [INFO] - com.netflix.loadbalancer.DynamicServerListLoadBalancer.restOfInit(DynamicServerListLoadBalancer.java:150) - DynamicServerListLoadBalancer for client material-service initialized: DynamicServerListLoadBalancer:{NFLoadBalancer:name=material-service,current list of Servers=[LAPTOP-VSBV5SCV.cn.ibm.com:8768, LAPTOP-VSBV5SCV:8768, localhost:8768],Load balancer stats=Zone stats: {defaultzone=[Zone:defaultzone;	Instance count:3;	Active connections count: 0;	Circuit breaker tripped count: 0;	Active connections per server: 0.0;]
},Server stats: [[Server:LAPTOP-VSBV5SCV:8768;	Zone:defaultZone;	Total Requests:0;	Successive connection failure:0;	Total blackout seconds:0;	Last connection made:Thu Jan 01 08:00:00 CST 1970;	First connection made: Thu Jan 01 08:00:00 CST 1970;	Active Connections:0;	total failure count in last (1000) msecs:0;	average resp time:0.0;	90 percentile resp time:0.0;	95 percentile resp time:0.0;	min resp time:0.0;	max resp time:0.0;	stddev resp time:0.0]
, [Server:LAPTOP-VSBV5SCV.cn.ibm.com:8768;	Zone:defaultZone;	Total Requests:0;	Successive connection failure:0;	Total blackout seconds:0;	Last connection made:Thu Jan 01 08:00:00 CST 1970;	First connection made: Thu Jan 01 08:00:00 CST 1970;	Active Connections:0;	total failure count in last (1000) msecs:0;	average resp time:0.0;	90 percentile resp time:0.0;	95 percentile resp time:0.0;	min resp time:0.0;	max resp time:0.0;	stddev resp time:0.0]
, [Server:localhost:8768;	Zone:defaultZone;	Total Requests:0;	Successive connection failure:0;	Total blackout seconds:0;	Last connection made:Thu Jan 01 08:00:00 CST 1970;	First connection made: Thu Jan 01 08:00:00 CST 1970;	Active Connections:0;	total failure count in last (1000) msecs:0;	average resp time:0.0;	90 percentile resp time:0.0;	95 percentile resp time:0.0;	min resp time:0.0;	max resp time:0.0;	stddev resp time:0.0]
]}ServerList:org.springframework.cloud.netflix.ribbon.eureka.DomainExtractingServerList@5d9fb248
[2019-03-06 13:25:47:157] [INFO] - com.kone.feignuser.controller.MaterialController.viewMaterial(MaterialController.java:32) - material1
[2019-03-06 13:25:47:158] [INFO] - com.kone.feignuser.controller.MaterialController.viewMaterial(MaterialController.java:32) - material2
[2019-03-06 13:25:47:159] [INFO] - com.kone.feignuser.controller.MaterialController.viewMaterial(MaterialController.java:32) - material3
[2019-03-06 13:25:47:160] [INFO] - com.kone.feignuser.controller.MaterialController.viewMaterial(MaterialController.java:32) - material4
[2019-03-06 13:25:47:160] [INFO] - com.kone.feignuser.controller.MaterialController.viewMaterial(MaterialController.java:32) - material5
[2019-03-06 13:25:47:160] [INFO] - com.kone.feignuser.controller.MaterialController.viewMaterial(MaterialController.java:32) - material6
[2019-03-06 13:25:47:161] [INFO] - com.kone.feignuser.controller.MaterialController.viewMaterial(MaterialController.java:32) - material7
[2019-03-06 13:25:47:161] [INFO] - com.kone.feignuser.controller.MaterialController.viewMaterial(MaterialController.java:32) - material8
[2019-03-06 13:25:47:161] [INFO] - com.kone.feignuser.controller.MaterialController.viewMaterial(MaterialController.java:32) - material1003
[2019-03-06 13:25:47:162] [INFO] - com.kone.feignuser.controller.MaterialController.viewMaterial(MaterialController.java:32) - material1000
[2019-03-06 13:25:47:878] [INFO] - com.netflix.config.ChainedDynamicProperty$ChainLink.checkAndFlip(ChainedDynamicProperty.java:115) - Flipping property: material-service.ribbon.ActiveConnectionsLimit to use NEXT property: niws.loadbalancer.availabilityFilteringRule.activeConnectionsLimit = 2147483647
[2019-03-06 13:25:52:483] [INFO] - com.kone.feignuser.controller.MaterialController.viewMaterial(MaterialController.java:32) - material1001
